{"D:\\web\\nimp\\__tests__\\helpers\\apiSetup.js": {"path":"D:\\web\\nimp\\__tests__\\helpers\\apiSetup.js","statementMap":{"0":{"start":{"line":1,"column":16},"end":{"line":1,"column":34}},"1":{"start":{"line":2,"column":16},"end":{"line":2,"column":42}},"2":{"start":{"line":3,"column":19},"end":{"line":3,"column":41}},"3":{"start":{"line":4,"column":30},"end":{"line":4,"column":62}},"4":{"start":{"line":5,"column":34},"end":{"line":5,"column":52}},"5":{"start":{"line":13,"column":2},"end":{"line":13,"column":44}},"6":{"start":{"line":14,"column":14},"end":{"line":14,"column":29}},"7":{"start":{"line":16,"column":2},"end":{"line":16,"column":37}},"8":{"start":{"line":17,"column":2},"end":{"line":17,"column":30}},"9":{"start":{"line":18,"column":2},"end":{"line":18,"column":35}},"10":{"start":{"line":20,"column":2},"end":{"line":20,"column":18}},"11":{"start":{"line":21,"column":2},"end":{"line":21,"column":21}},"12":{"start":{"line":23,"column":2},"end":{"line":27,"column":6}},"13":{"start":{"line":30,"column":2},"end":{"line":35,"column":5}},"14":{"start":{"line":31,"column":4},"end":{"line":33,"column":5}},"15":{"start":{"line":32,"column":6},"end":{"line":32,"column":64}},"16":{"start":{"line":34,"column":4},"end":{"line":34,"column":11}},"17":{"start":{"line":37,"column":2},"end":{"line":37,"column":46}},"18":{"start":{"line":38,"column":2},"end":{"line":38,"column":68}},"19":{"start":{"line":41,"column":2},"end":{"line":41,"column":52}},"20":{"start":{"line":42,"column":2},"end":{"line":42,"column":44}},"21":{"start":{"line":43,"column":2},"end":{"line":43,"column":45}},"22":{"start":{"line":44,"column":2},"end":{"line":44,"column":48}},"23":{"start":{"line":45,"column":2},"end":{"line":45,"column":50}},"24":{"start":{"line":46,"column":2},"end":{"line":46,"column":44}},"25":{"start":{"line":47,"column":2},"end":{"line":47,"column":45}},"26":{"start":{"line":49,"column":2},"end":{"line":49,"column":13}},"27":{"start":{"line":53,"column":2},"end":{"line":53,"column":45}},"28":{"start":{"line":53,"column":19},"end":{"line":53,"column":45}},"29":{"start":{"line":54,"column":2},"end":{"line":54,"column":34}},"30":{"start":{"line":54,"column":14},"end":{"line":54,"column":34}},"31":{"start":{"line":58,"column":2},"end":{"line":58,"column":12}},"32":{"start":{"line":61,"column":0},"end":{"line":61,"column":58}}},"fnMap":{"0":{"name":"setupTestApp","decl":{"start":{"line":12,"column":15},"end":{"line":12,"column":27}},"loc":{"start":{"line":12,"column":30},"end":{"line":50,"column":1}},"line":12},"1":{"name":"(anonymous_1)","decl":{"start":{"line":30,"column":10},"end":{"line":30,"column":11}},"loc":{"start":{"line":30,"column":30},"end":{"line":35,"column":3}},"line":30},"2":{"name":"teardownTestApp","decl":{"start":{"line":52,"column":15},"end":{"line":52,"column":30}},"loc":{"start":{"line":52,"column":33},"end":{"line":55,"column":1}},"line":52},"3":{"name":"getDb","decl":{"start":{"line":57,"column":9},"end":{"line":57,"column":14}},"loc":{"start":{"line":57,"column":17},"end":{"line":59,"column":1}},"line":57}},"branchMap":{"0":{"loc":{"start":{"line":31,"column":4},"end":{"line":33,"column":5}},"type":"if","locations":[{"start":{"line":31,"column":4},"end":{"line":33,"column":5}},{"start":{},"end":{}}],"line":31},"1":{"loc":{"start":{"line":31,"column":8},"end":{"line":31,"column":107}},"type":"binary-expr","locations":[{"start":{"line":31,"column":8},"end":{"line":31,"column":19}},{"start":{"line":31,"column":23},"end":{"line":31,"column":39}},{"start":{"line":31,"column":43},"end":{"line":31,"column":63}},{"start":{"line":31,"column":67},"end":{"line":31,"column":107}}],"line":31},"2":{"loc":{"start":{"line":53,"column":2},"end":{"line":53,"column":45}},"type":"if","locations":[{"start":{"line":53,"column":2},"end":{"line":53,"column":45}},{"start":{},"end":{}}],"line":53},"3":{"loc":{"start":{"line":54,"column":2},"end":{"line":54,"column":34}},"type":"if","locations":[{"start":{"line":54,"column":2},"end":{"line":54,"column":34}},{"start":{},"end":{}}],"line":54}},"s":{"0":6,"1":6,"2":6,"3":6,"4":6,"5":6,"6":6,"7":6,"8":6,"9":6,"10":6,"11":6,"12":6,"13":6,"14":37,"15":10,"16":37,"17":6,"18":6,"19":6,"20":6,"21":6,"22":6,"23":6,"24":6,"25":6,"26":6,"27":6,"28":6,"29":6,"30":6,"31":49,"32":6},"f":{"0":6,"1":37,"2":6,"3":49},"b":{"0":[10,27],"1":[37,37,10,10],"2":[6,0],"3":[6,0]},"_coverageSchema":"1a1c01bbd47fc00a2c39e90264f33305004495a9","hash":"9841715aab5433d981cfdb6e0638b97797d35bbf"}
,"D:\\web\\nimp\\__tests__\\helpers\\mockGraph.js": {"path":"D:\\web\\nimp\\__tests__\\helpers\\mockGraph.js","statementMap":{"0":{"start":{"line":2,"column":15},"end":{"line":2,"column":23}},"1":{"start":{"line":3,"column":2},"end":{"line":11,"column":4}}},"fnMap":{"0":{"name":"createMockGraph","decl":{"start":{"line":1,"column":16},"end":{"line":1,"column":31}},"loc":{"start":{"line":1,"column":34},"end":{"line":12,"column":1}},"line":1},"1":{"name":"(anonymous_1)","decl":{"start":{"line":2,"column":15},"end":{"line":2,"column":16}},"loc":{"start":{"line":2,"column":21},"end":{"line":2,"column":23}},"line":2}},"branchMap":{},"s":{"0":95,"1":95},"f":{"0":95,"1":0},"b":{},"_coverageSchema":"1a1c01bbd47fc00a2c39e90264f33305004495a9","hash":"74fbdbb54851a8481304609bb1747c6ac5ef34d9"}
,"D:\\web\\nimp\\classes\\Graph.js": {"path":"D:\\web\\nimp\\classes\\Graph.js","statementMap":{"0":{"start":{"line":1,"column":15},"end":{"line":1,"column":39}},"1":{"start":{"line":9,"column":4},"end":{"line":9,"column":43}},"2":{"start":{"line":10,"column":4},"end":{"line":10,"column":19}},"3":{"start":{"line":11,"column":4},"end":{"line":11,"column":31}},"4":{"start":{"line":12,"column":4},"end":{"line":12,"column":20}},"5":{"start":{"line":13,"column":4},"end":{"line":13,"column":29}},"6":{"start":{"line":14,"column":4},"end":{"line":14,"column":27}},"7":{"start":{"line":16,"column":4},"end":{"line":16,"column":29}},"8":{"start":{"line":17,"column":4},"end":{"line":17,"column":25}},"9":{"start":{"line":18,"column":4},"end":{"line":18,"column":36}},"10":{"start":{"line":19,"column":4},"end":{"line":19,"column":23}},"11":{"start":{"line":22,"column":4},"end":{"line":22,"column":20}},"12":{"start":{"line":23,"column":4},"end":{"line":23,"column":21}},"13":{"start":{"line":26,"column":4},"end":{"line":31,"column":5}},"14":{"start":{"line":27,"column":18},"end":{"line":27,"column":60}},"15":{"start":{"line":28,"column":6},"end":{"line":30,"column":7}},"16":{"start":{"line":29,"column":8},"end":{"line":29,"column":31}},"17":{"start":{"line":36,"column":15},"end":{"line":36,"column":63}},"18":{"start":{"line":37,"column":4},"end":{"line":37,"column":26}},"19":{"start":{"line":38,"column":4},"end":{"line":40,"column":5}},"20":{"start":{"line":39,"column":6},"end":{"line":39,"column":21}},"21":{"start":{"line":41,"column":4},"end":{"line":41,"column":16}},"22":{"start":{"line":46,"column":4},"end":{"line":48,"column":6}},"23":{"start":{"line":47,"column":6},"end":{"line":47,"column":23}},"24":{"start":{"line":50,"column":4},"end":{"line":50,"column":18}},"25":{"start":{"line":55,"column":4},"end":{"line":57,"column":5}},"26":{"start":{"line":56,"column":6},"end":{"line":56,"column":35}},"27":{"start":{"line":58,"column":4},"end":{"line":58,"column":29}},"28":{"start":{"line":59,"column":4},"end":{"line":59,"column":18}},"29":{"start":{"line":64,"column":4},"end":{"line":66,"column":5}},"30":{"start":{"line":65,"column":6},"end":{"line":65,"column":31}},"31":{"start":{"line":67,"column":4},"end":{"line":67,"column":27}},"32":{"start":{"line":68,"column":4},"end":{"line":68,"column":16}},"33":{"start":{"line":73,"column":15},"end":{"line":77,"column":5}},"34":{"start":{"line":79,"column":4},"end":{"line":81,"column":6}},"35":{"start":{"line":80,"column":6},"end":{"line":80,"column":37}},"36":{"start":{"line":83,"column":4},"end":{"line":83,"column":16}},"37":{"start":{"line":88,"column":4},"end":{"line":88,"column":22}},"38":{"start":{"line":89,"column":4},"end":{"line":89,"column":28}},"39":{"start":{"line":98,"column":4},"end":{"line":128,"column":6}},"40":{"start":{"line":99,"column":26},"end":{"line":99,"column":68}},"41":{"start":{"line":100,"column":6},"end":{"line":127,"column":7}},"42":{"start":{"line":101,"column":28},"end":{"line":101,"column":110}},"43":{"start":{"line":103,"column":8},"end":{"line":103,"column":33}},"44":{"start":{"line":106,"column":8},"end":{"line":112,"column":9}},"45":{"start":{"line":106,"column":21},"end":{"line":106,"column":22}},"46":{"start":{"line":107,"column":10},"end":{"line":111,"column":11}},"47":{"start":{"line":108,"column":12},"end":{"line":108,"column":57}},"48":{"start":{"line":110,"column":12},"end":{"line":110,"column":62}},"49":{"start":{"line":115,"column":8},"end":{"line":121,"column":9}},"50":{"start":{"line":115,"column":21},"end":{"line":115,"column":22}},"51":{"start":{"line":116,"column":10},"end":{"line":120,"column":11}},"52":{"start":{"line":117,"column":12},"end":{"line":117,"column":59}},"53":{"start":{"line":119,"column":12},"end":{"line":119,"column":117}},"54":{"start":{"line":123,"column":8},"end":{"line":123,"column":36}},"55":{"start":{"line":126,"column":8},"end":{"line":126,"column":62}},"56":{"start":{"line":131,"column":4},"end":{"line":155,"column":6}},"57":{"start":{"line":132,"column":6},"end":{"line":154,"column":7}},"58":{"start":{"line":132,"column":19},"end":{"line":132,"column":20}},"59":{"start":{"line":133,"column":8},"end":{"line":153,"column":9}},"60":{"start":{"line":134,"column":36},"end":{"line":134,"column":72}},"61":{"start":{"line":135,"column":10},"end":{"line":152,"column":12}},"62":{"start":{"line":138,"column":24},"end":{"line":138,"column":28}},"63":{"start":{"line":139,"column":12},"end":{"line":145,"column":14}},"64":{"start":{"line":140,"column":14},"end":{"line":144,"column":16}},"65":{"start":{"line":141,"column":16},"end":{"line":143,"column":17}},"66":{"start":{"line":142,"column":18},"end":{"line":142,"column":28}},"67":{"start":{"line":147,"column":12},"end":{"line":151,"column":13}},"68":{"start":{"line":148,"column":14},"end":{"line":148,"column":52}},"69":{"start":{"line":150,"column":14},"end":{"line":150,"column":73}},"70":{"start":{"line":158,"column":20},"end":{"line":158,"column":22}},"71":{"start":{"line":159,"column":4},"end":{"line":170,"column":6}},"72":{"start":{"line":160,"column":19},"end":{"line":160,"column":23}},"73":{"start":{"line":161,"column":6},"end":{"line":165,"column":8}},"74":{"start":{"line":162,"column":8},"end":{"line":164,"column":9}},"75":{"start":{"line":163,"column":10},"end":{"line":163,"column":25}},"76":{"start":{"line":167,"column":6},"end":{"line":169,"column":7}},"77":{"start":{"line":168,"column":8},"end":{"line":168,"column":29}},"78":{"start":{"line":172,"column":4},"end":{"line":174,"column":6}},"79":{"start":{"line":173,"column":6},"end":{"line":173,"column":17}},"80":{"start":{"line":177,"column":23},"end":{"line":177,"column":43}},"81":{"start":{"line":178,"column":4},"end":{"line":180,"column":5}},"82":{"start":{"line":179,"column":6},"end":{"line":179,"column":32}},"83":{"start":{"line":185,"column":4},"end":{"line":202,"column":6}},"84":{"start":{"line":187,"column":25},"end":{"line":187,"column":45}},"85":{"start":{"line":189,"column":6},"end":{"line":201,"column":7}},"86":{"start":{"line":190,"column":8},"end":{"line":198,"column":10}},"87":{"start":{"line":191,"column":10},"end":{"line":197,"column":11}},"88":{"start":{"line":192,"column":12},"end":{"line":192,"column":26}},"89":{"start":{"line":194,"column":12},"end":{"line":196,"column":14}},"90":{"start":{"line":195,"column":14},"end":{"line":195,"column":78}},"91":{"start":{"line":200,"column":8},"end":{"line":200,"column":22}},"92":{"start":{"line":207,"column":4},"end":{"line":211,"column":5}},"93":{"start":{"line":207,"column":17},"end":{"line":207,"column":18}},"94":{"start":{"line":208,"column":6},"end":{"line":210,"column":7}},"95":{"start":{"line":209,"column":8},"end":{"line":209,"column":29}},"96":{"start":{"line":212,"column":4},"end":{"line":212,"column":16}}},"fnMap":{"0":{"name":"(anonymous_0)","decl":{"start":{"line":8,"column":2},"end":{"line":8,"column":3}},"loc":{"start":{"line":8,"column":30},"end":{"line":32,"column":3}},"line":8},"1":{"name":"(anonymous_1)","decl":{"start":{"line":35,"column":2},"end":{"line":35,"column":3}},"loc":{"start":{"line":35,"column":58},"end":{"line":42,"column":3}},"line":35},"2":{"name":"(anonymous_2)","decl":{"start":{"line":45,"column":2},"end":{"line":45,"column":3}},"loc":{"start":{"line":45,"column":19},"end":{"line":51,"column":3}},"line":45},"3":{"name":"(anonymous_3)","decl":{"start":{"line":46,"column":35},"end":{"line":46,"column":36}},"loc":{"start":{"line":46,"column":40},"end":{"line":48,"column":5}},"line":46},"4":{"name":"(anonymous_4)","decl":{"start":{"line":54,"column":2},"end":{"line":54,"column":3}},"loc":{"start":{"line":54,"column":19},"end":{"line":60,"column":3}},"line":54},"5":{"name":"(anonymous_5)","decl":{"start":{"line":63,"column":2},"end":{"line":63,"column":3}},"loc":{"start":{"line":63,"column":17},"end":{"line":69,"column":3}},"line":63},"6":{"name":"(anonymous_6)","decl":{"start":{"line":72,"column":2},"end":{"line":72,"column":3}},"loc":{"start":{"line":72,"column":11},"end":{"line":84,"column":3}},"line":72},"7":{"name":"(anonymous_7)","decl":{"start":{"line":79,"column":23},"end":{"line":79,"column":24}},"loc":{"start":{"line":79,"column":31},"end":{"line":81,"column":5}},"line":79},"8":{"name":"(anonymous_8)","decl":{"start":{"line":87,"column":2},"end":{"line":87,"column":3}},"loc":{"start":{"line":87,"column":17},"end":{"line":181,"column":3}},"line":87},"9":{"name":"(anonymous_9)","decl":{"start":{"line":98,"column":23},"end":{"line":98,"column":24}},"loc":{"start":{"line":98,"column":31},"end":{"line":128,"column":5}},"line":98},"10":{"name":"(anonymous_10)","decl":{"start":{"line":131,"column":23},"end":{"line":131,"column":24}},"loc":{"start":{"line":131,"column":31},"end":{"line":155,"column":5}},"line":131},"11":{"name":"(anonymous_11)","decl":{"start":{"line":135,"column":36},"end":{"line":135,"column":37}},"loc":{"start":{"line":135,"column":42},"end":{"line":152,"column":11}},"line":135},"12":{"name":"(anonymous_12)","decl":{"start":{"line":139,"column":31},"end":{"line":139,"column":32}},"loc":{"start":{"line":139,"column":36},"end":{"line":145,"column":13}},"line":139},"13":{"name":"(anonymous_13)","decl":{"start":{"line":140,"column":31},"end":{"line":140,"column":32}},"loc":{"start":{"line":140,"column":36},"end":{"line":144,"column":15}},"line":140},"14":{"name":"(anonymous_14)","decl":{"start":{"line":159,"column":23},"end":{"line":159,"column":24}},"loc":{"start":{"line":159,"column":31},"end":{"line":170,"column":5}},"line":159},"15":{"name":"(anonymous_15)","decl":{"start":{"line":161,"column":26},"end":{"line":161,"column":27}},"loc":{"start":{"line":161,"column":35},"end":{"line":165,"column":7}},"line":161},"16":{"name":"(anonymous_16)","decl":{"start":{"line":172,"column":22},"end":{"line":172,"column":23}},"loc":{"start":{"line":172,"column":30},"end":{"line":174,"column":5}},"line":172},"17":{"name":"(anonymous_17)","decl":{"start":{"line":184,"column":2},"end":{"line":184,"column":3}},"loc":{"start":{"line":184,"column":17},"end":{"line":203,"column":3}},"line":184},"18":{"name":"(anonymous_18)","decl":{"start":{"line":185,"column":23},"end":{"line":185,"column":24}},"loc":{"start":{"line":185,"column":44},"end":{"line":202,"column":5}},"line":185},"19":{"name":"(anonymous_19)","decl":{"start":{"line":190,"column":90},"end":{"line":190,"column":91}},"loc":{"start":{"line":190,"column":108},"end":{"line":198,"column":9}},"line":190},"20":{"name":"(anonymous_20)","decl":{"start":{"line":194,"column":54},"end":{"line":194,"column":55}},"loc":{"start":{"line":194,"column":59},"end":{"line":196,"column":13}},"line":194},"21":{"name":"(anonymous_21)","decl":{"start":{"line":206,"column":2},"end":{"line":206,"column":3}},"loc":{"start":{"line":206,"column":18},"end":{"line":213,"column":3}},"line":206}},"branchMap":{"0":{"loc":{"start":{"line":26,"column":4},"end":{"line":31,"column":5}},"type":"if","locations":[{"start":{"line":26,"column":4},"end":{"line":31,"column":5}},{"start":{},"end":{}}],"line":26},"1":{"loc":{"start":{"line":28,"column":6},"end":{"line":30,"column":7}},"type":"if","locations":[{"start":{"line":28,"column":6},"end":{"line":30,"column":7}},{"start":{},"end":{}}],"line":28},"2":{"loc":{"start":{"line":38,"column":4},"end":{"line":40,"column":5}},"type":"if","locations":[{"start":{"line":38,"column":4},"end":{"line":40,"column":5}},{"start":{},"end":{}}],"line":38},"3":{"loc":{"start":{"line":55,"column":4},"end":{"line":57,"column":5}},"type":"if","locations":[{"start":{"line":55,"column":4},"end":{"line":57,"column":5}},{"start":{},"end":{}}],"line":55},"4":{"loc":{"start":{"line":64,"column":4},"end":{"line":66,"column":5}},"type":"if","locations":[{"start":{"line":64,"column":4},"end":{"line":66,"column":5}},{"start":{},"end":{}}],"line":64},"5":{"loc":{"start":{"line":100,"column":6},"end":{"line":127,"column":7}},"type":"if","locations":[{"start":{"line":100,"column":6},"end":{"line":127,"column":7}},{"start":{"line":125,"column":13},"end":{"line":127,"column":7}}],"line":100},"6":{"loc":{"start":{"line":107,"column":10},"end":{"line":111,"column":11}},"type":"if","locations":[{"start":{"line":107,"column":10},"end":{"line":111,"column":11}},{"start":{"line":109,"column":17},"end":{"line":111,"column":11}}],"line":107},"7":{"loc":{"start":{"line":116,"column":10},"end":{"line":120,"column":11}},"type":"if","locations":[{"start":{"line":116,"column":10},"end":{"line":120,"column":11}},{"start":{"line":118,"column":17},"end":{"line":120,"column":11}}],"line":116},"8":{"loc":{"start":{"line":133,"column":8},"end":{"line":153,"column":9}},"type":"if","locations":[{"start":{"line":133,"column":8},"end":{"line":153,"column":9}},{"start":{},"end":{}}],"line":133},"9":{"loc":{"start":{"line":141,"column":16},"end":{"line":143,"column":17}},"type":"if","locations":[{"start":{"line":141,"column":16},"end":{"line":143,"column":17}},{"start":{},"end":{}}],"line":141},"10":{"loc":{"start":{"line":147,"column":12},"end":{"line":151,"column":13}},"type":"if","locations":[{"start":{"line":147,"column":12},"end":{"line":151,"column":13}},{"start":{"line":149,"column":19},"end":{"line":151,"column":13}}],"line":147},"11":{"loc":{"start":{"line":162,"column":8},"end":{"line":164,"column":9}},"type":"if","locations":[{"start":{"line":162,"column":8},"end":{"line":164,"column":9}},{"start":{},"end":{}}],"line":162},"12":{"loc":{"start":{"line":167,"column":6},"end":{"line":169,"column":7}},"type":"if","locations":[{"start":{"line":167,"column":6},"end":{"line":169,"column":7}},{"start":{},"end":{}}],"line":167},"13":{"loc":{"start":{"line":178,"column":4},"end":{"line":180,"column":5}},"type":"if","locations":[{"start":{"line":178,"column":4},"end":{"line":180,"column":5}},{"start":{},"end":{}}],"line":178},"14":{"loc":{"start":{"line":189,"column":6},"end":{"line":201,"column":7}},"type":"if","locations":[{"start":{"line":189,"column":6},"end":{"line":201,"column":7}},{"start":{"line":199,"column":13},"end":{"line":201,"column":7}}],"line":189},"15":{"loc":{"start":{"line":189,"column":10},"end":{"line":189,"column":40}},"type":"binary-expr","locations":[{"start":{"line":189,"column":10},"end":{"line":189,"column":20}},{"start":{"line":189,"column":24},"end":{"line":189,"column":40}}],"line":189},"16":{"loc":{"start":{"line":191,"column":10},"end":{"line":197,"column":11}},"type":"if","locations":[{"start":{"line":191,"column":10},"end":{"line":197,"column":11}},{"start":{"line":193,"column":17},"end":{"line":197,"column":11}}],"line":191},"17":{"loc":{"start":{"line":208,"column":6},"end":{"line":210,"column":7}},"type":"if","locations":[{"start":{"line":208,"column":6},"end":{"line":210,"column":7}},{"start":{},"end":{}}],"line":208}},"s":{"0":1,"1":12,"2":12,"3":12,"4":12,"5":12,"6":12,"7":12,"8":12,"9":12,"10":12,"11":12,"12":12,"13":12,"14":0,"15":0,"16":0,"17":13,"18":13,"19":13,"20":1,"21":13,"22":2,"23":4,"24":2,"25":3,"26":1,"27":3,"28":3,"29":1,"30":0,"31":1,"32":1,"33":2,"34":2,"35":2,"36":2,"37":0,"38":0,"39":0,"40":0,"41":0,"42":0,"43":0,"44":0,"45":0,"46":0,"47":0,"48":0,"49":0,"50":0,"51":0,"52":0,"53":0,"54":0,"55":0,"56":0,"57":0,"58":0,"59":0,"60":0,"61":0,"62":0,"63":0,"64":0,"65":0,"66":0,"67":0,"68":0,"69":0,"70":0,"71":0,"72":0,"73":0,"74":0,"75":0,"76":0,"77":0,"78":0,"79":0,"80":0,"81":0,"82":0,"83":0,"84":0,"85":0,"86":0,"87":0,"88":0,"89":0,"90":0,"91":0,"92":2,"93":2,"94":1,"95":0,"96":2},"f":{"0":12,"1":13,"2":2,"3":4,"4":3,"5":1,"6":2,"7":2,"8":0,"9":0,"10":0,"11":0,"12":0,"13":0,"14":0,"15":0,"16":0,"17":0,"18":0,"19":0,"20":0,"21":2},"b":{"0":[0,12],"1":[0,0],"2":[1,12],"3":[1,2],"4":[0,1],"5":[0,0],"6":[0,0],"7":[0,0],"8":[0,0],"9":[0,0],"10":[0,0],"11":[0,0],"12":[0,0],"13":[0,0],"14":[0,0],"15":[0,0],"16":[0,0],"17":[0,1]},"_coverageSchema":"1a1c01bbd47fc00a2c39e90264f33305004495a9","hash":"0b83c72a59ab157bbb4a2a7a6b4fe200436552f7"}
,"D:\\web\\nimp\\classes\\nodes\\Connection.js": {"path":"D:\\web\\nimp\\classes\\nodes\\Connection.js","statementMap":{"0":{"start":{"line":1,"column":15},"end":{"line":1,"column":39}},"1":{"start":{"line":6,"column":4},"end":{"line":6,"column":43}},"2":{"start":{"line":7,"column":4},"end":{"line":7,"column":21}},"3":{"start":{"line":8,"column":4},"end":{"line":8,"column":23}},"4":{"start":{"line":9,"column":4},"end":{"line":9,"column":23}},"5":{"start":{"line":10,"column":4},"end":{"line":10,"column":21}},"6":{"start":{"line":11,"column":4},"end":{"line":11,"column":24}},"7":{"start":{"line":16,"column":4},"end":{"line":24,"column":5}},"8":{"start":{"line":17,"column":6},"end":{"line":23,"column":7}},"9":{"start":{"line":18,"column":8},"end":{"line":22,"column":9}},"10":{"start":{"line":19,"column":10},"end":{"line":19,"column":118}},"11":{"start":{"line":21,"column":10},"end":{"line":21,"column":118}},"12":{"start":{"line":26,"column":4},"end":{"line":26,"column":48}},"13":{"start":{"line":27,"column":4},"end":{"line":27,"column":47}},"14":{"start":{"line":32,"column":17},"end":{"line":32,"column":35}},"15":{"start":{"line":33,"column":20},"end":{"line":33,"column":45}},"16":{"start":{"line":34,"column":20},"end":{"line":34,"column":46}},"17":{"start":{"line":35,"column":16},"end":{"line":38,"column":5}},"18":{"start":{"line":39,"column":4},"end":{"line":39,"column":15}},"19":{"start":{"line":44,"column":15},"end":{"line":46,"column":5}},"20":{"start":{"line":48,"column":4},"end":{"line":48,"column":16}},"21":{"start":{"line":53,"column":4},"end":{"line":53,"column":42}},"22":{"start":{"line":54,"column":4},"end":{"line":62,"column":5}},"23":{"start":{"line":55,"column":6},"end":{"line":61,"column":7}},"24":{"start":{"line":56,"column":8},"end":{"line":60,"column":9}},"25":{"start":{"line":57,"column":10},"end":{"line":57,"column":52}},"26":{"start":{"line":59,"column":10},"end":{"line":59,"column":54}},"27":{"start":{"line":67,"column":4},"end":{"line":67,"column":41}},"28":{"start":{"line":68,"column":4},"end":{"line":68,"column":49}},"29":{"start":{"line":69,"column":4},"end":{"line":69,"column":51}},"30":{"start":{"line":74,"column":4},"end":{"line":74,"column":48}},"31":{"start":{"line":74,"column":41},"end":{"line":74,"column":48}},"32":{"start":{"line":75,"column":4},"end":{"line":75,"column":37}},"33":{"start":{"line":76,"column":4},"end":{"line":76,"column":38}},"34":{"start":{"line":77,"column":4},"end":{"line":77,"column":38}},"35":{"start":{"line":78,"column":4},"end":{"line":78,"column":38}},"36":{"start":{"line":79,"column":4},"end":{"line":79,"column":43}}},"fnMap":{"0":{"name":"(anonymous_0)","decl":{"start":{"line":5,"column":2},"end":{"line":5,"column":3}},"loc":{"start":{"line":5,"column":40},"end":{"line":12,"column":3}},"line":5},"1":{"name":"(anonymous_1)","decl":{"start":{"line":15,"column":2},"end":{"line":15,"column":3}},"loc":{"start":{"line":15,"column":19},"end":{"line":28,"column":3}},"line":15},"2":{"name":"(anonymous_2)","decl":{"start":{"line":31,"column":2},"end":{"line":31,"column":3}},"loc":{"start":{"line":31,"column":16},"end":{"line":40,"column":3}},"line":31},"3":{"name":"(anonymous_3)","decl":{"start":{"line":43,"column":2},"end":{"line":43,"column":3}},"loc":{"start":{"line":43,"column":11},"end":{"line":49,"column":3}},"line":43},"4":{"name":"(anonymous_4)","decl":{"start":{"line":52,"column":2},"end":{"line":52,"column":3}},"loc":{"start":{"line":52,"column":17},"end":{"line":63,"column":3}},"line":52},"5":{"name":"(anonymous_5)","decl":{"start":{"line":66,"column":2},"end":{"line":66,"column":3}},"loc":{"start":{"line":66,"column":17},"end":{"line":70,"column":3}},"line":66},"6":{"name":"(anonymous_6)","decl":{"start":{"line":73,"column":2},"end":{"line":73,"column":3}},"loc":{"start":{"line":73,"column":11},"end":{"line":80,"column":3}},"line":73}},"branchMap":{"0":{"loc":{"start":{"line":16,"column":4},"end":{"line":24,"column":5}},"type":"if","locations":[{"start":{"line":16,"column":4},"end":{"line":24,"column":5}},{"start":{},"end":{}}],"line":16},"1":{"loc":{"start":{"line":16,"column":8},"end":{"line":16,"column":116}},"type":"binary-expr","locations":[{"start":{"line":16,"column":8},"end":{"line":16,"column":44}},{"start":{"line":16,"column":48},"end":{"line":16,"column":116}}],"line":16},"2":{"loc":{"start":{"line":17,"column":6},"end":{"line":23,"column":7}},"type":"if","locations":[{"start":{"line":17,"column":6},"end":{"line":23,"column":7}},{"start":{},"end":{}}],"line":17},"3":{"loc":{"start":{"line":17,"column":10},"end":{"line":17,"column":104}},"type":"binary-expr","locations":[{"start":{"line":17,"column":10},"end":{"line":17,"column":56}},{"start":{"line":17,"column":60},"end":{"line":17,"column":104}}],"line":17},"4":{"loc":{"start":{"line":18,"column":8},"end":{"line":22,"column":9}},"type":"if","locations":[{"start":{"line":18,"column":8},"end":{"line":22,"column":9}},{"start":{"line":20,"column":15},"end":{"line":22,"column":9}}],"line":18},"5":{"loc":{"start":{"line":54,"column":4},"end":{"line":62,"column":5}},"type":"if","locations":[{"start":{"line":54,"column":4},"end":{"line":62,"column":5}},{"start":{},"end":{}}],"line":54},"6":{"loc":{"start":{"line":54,"column":8},"end":{"line":54,"column":116}},"type":"binary-expr","locations":[{"start":{"line":54,"column":8},"end":{"line":54,"column":44}},{"start":{"line":54,"column":48},"end":{"line":54,"column":116}}],"line":54},"7":{"loc":{"start":{"line":55,"column":6},"end":{"line":61,"column":7}},"type":"if","locations":[{"start":{"line":55,"column":6},"end":{"line":61,"column":7}},{"start":{},"end":{}}],"line":55},"8":{"loc":{"start":{"line":56,"column":8},"end":{"line":60,"column":9}},"type":"if","locations":[{"start":{"line":56,"column":8},"end":{"line":60,"column":9}},{"start":{"line":58,"column":15},"end":{"line":60,"column":9}}],"line":56},"9":{"loc":{"start":{"line":74,"column":4},"end":{"line":74,"column":48}},"type":"if","locations":[{"start":{"line":74,"column":4},"end":{"line":74,"column":48}},{"start":{},"end":{}}],"line":74}},"s":{"0":4,"1":285,"2":285,"3":285,"4":285,"5":285,"6":285,"7":0,"8":0,"9":0,"10":0,"11":0,"12":0,"13":0,"14":0,"15":0,"16":0,"17":0,"18":0,"19":15,"20":15,"21":0,"22":0,"23":0,"24":0,"25":0,"26":0,"27":0,"28":0,"29":0,"30":2,"31":2,"32":0,"33":0,"34":0,"35":0,"36":0},"f":{"0":285,"1":0,"2":0,"3":15,"4":0,"5":0,"6":2},"b":{"0":[0,0],"1":[0,0],"2":[0,0],"3":[0,0],"4":[0,0],"5":[0,0],"6":[0,0],"7":[0,0],"8":[0,0],"9":[2,0]},"_coverageSchema":"1a1c01bbd47fc00a2c39e90264f33305004495a9","hash":"43b1f06a9f025979f06216d00b91a77b36ca33ca"}
,"D:\\web\\nimp\\classes\\nodes\\Input.js": {"path":"D:\\web\\nimp\\classes\\nodes\\Input.js","statementMap":{"0":{"start":{"line":7,"column":4},"end":{"line":7,"column":35}},"1":{"start":{"line":8,"column":4},"end":{"line":8,"column":23}},"2":{"start":{"line":9,"column":4},"end":{"line":9,"column":24}},"3":{"start":{"line":14,"column":4},"end":{"line":19,"column":5}},"4":{"start":{"line":15,"column":19},"end":{"line":15,"column":27}},"5":{"start":{"line":16,"column":6},"end":{"line":16,"column":209}},"6":{"start":{"line":16,"column":73},"end":{"line":16,"column":78}},"7":{"start":{"line":16,"column":120},"end":{"line":16,"column":146}},"8":{"start":{"line":17,"column":6},"end":{"line":17,"column":95}},"9":{"start":{"line":18,"column":6},"end":{"line":18,"column":13}},"10":{"start":{"line":20,"column":4},"end":{"line":20,"column":80}},"11":{"start":{"line":21,"column":4},"end":{"line":21,"column":49}},"12":{"start":{"line":22,"column":4},"end":{"line":22,"column":112}},"13":{"start":{"line":23,"column":4},"end":{"line":23,"column":70}},"14":{"start":{"line":24,"column":4},"end":{"line":24,"column":45}},"15":{"start":{"line":25,"column":4},"end":{"line":25,"column":38}},"16":{"start":{"line":29,"column":4},"end":{"line":29,"column":83}},"17":{"start":{"line":30,"column":4},"end":{"line":30,"column":53}},"18":{"start":{"line":31,"column":4},"end":{"line":31,"column":120}},"19":{"start":{"line":32,"column":4},"end":{"line":32,"column":69}},"20":{"start":{"line":33,"column":4},"end":{"line":33,"column":59}},"21":{"start":{"line":34,"column":4},"end":{"line":34,"column":64}},"22":{"start":{"line":35,"column":4},"end":{"line":35,"column":61}},"23":{"start":{"line":36,"column":4},"end":{"line":36,"column":56}},"24":{"start":{"line":37,"column":4},"end":{"line":37,"column":39}},"25":{"start":{"line":38,"column":4},"end":{"line":38,"column":41}},"26":{"start":{"line":40,"column":4},"end":{"line":50,"column":5}},"27":{"start":{"line":41,"column":6},"end":{"line":41,"column":30}},"28":{"start":{"line":42,"column":6},"end":{"line":49,"column":8}},"29":{"start":{"line":52,"column":4},"end":{"line":60,"column":5}},"30":{"start":{"line":53,"column":6},"end":{"line":57,"column":7}},"31":{"start":{"line":54,"column":8},"end":{"line":56,"column":9}},"32":{"start":{"line":55,"column":10},"end":{"line":55,"column":62}},"33":{"start":{"line":59,"column":6},"end":{"line":59,"column":41}},"34":{"start":{"line":62,"column":4},"end":{"line":72,"column":5}},"35":{"start":{"line":63,"column":6},"end":{"line":69,"column":7}},"36":{"start":{"line":64,"column":8},"end":{"line":68,"column":9}},"37":{"start":{"line":65,"column":10},"end":{"line":67,"column":11}},"38":{"start":{"line":66,"column":12},"end":{"line":66,"column":64}},"39":{"start":{"line":71,"column":6},"end":{"line":71,"column":41}},"40":{"start":{"line":78,"column":4},"end":{"line":78,"column":24}},"41":{"start":{"line":83,"column":4},"end":{"line":83,"column":31}},"42":{"start":{"line":87,"column":4},"end":{"line":87,"column":34}}},"fnMap":{"0":{"name":"(anonymous_0)","decl":{"start":{"line":6,"column":2},"end":{"line":6,"column":3}},"loc":{"start":{"line":6,"column":39},"end":{"line":10,"column":3}},"line":6},"1":{"name":"(anonymous_1)","decl":{"start":{"line":13,"column":2},"end":{"line":13,"column":3}},"loc":{"start":{"line":13,"column":17},"end":{"line":73,"column":3}},"line":13},"2":{"name":"(anonymous_2)","decl":{"start":{"line":15,"column":19},"end":{"line":15,"column":20}},"loc":{"start":{"line":15,"column":25},"end":{"line":15,"column":27}},"line":15},"3":{"name":"(anonymous_3)","decl":{"start":{"line":16,"column":67},"end":{"line":16,"column":68}},"loc":{"start":{"line":16,"column":73},"end":{"line":16,"column":78}},"line":16},"4":{"name":"(anonymous_4)","decl":{"start":{"line":16,"column":113},"end":{"line":16,"column":114}},"loc":{"start":{"line":16,"column":120},"end":{"line":16,"column":146}},"line":16},"5":{"name":"(anonymous_5)","decl":{"start":{"line":40,"column":27},"end":{"line":40,"column":28}},"loc":{"start":{"line":40,"column":38},"end":{"line":50,"column":5}},"line":40},"6":{"name":"(anonymous_6)","decl":{"start":{"line":52,"column":28},"end":{"line":52,"column":29}},"loc":{"start":{"line":52,"column":39},"end":{"line":60,"column":5}},"line":52},"7":{"name":"(anonymous_7)","decl":{"start":{"line":62,"column":28},"end":{"line":62,"column":29}},"loc":{"start":{"line":62,"column":39},"end":{"line":72,"column":5}},"line":62},"8":{"name":"(anonymous_8)","decl":{"start":{"line":76,"column":2},"end":{"line":76,"column":3}},"loc":{"start":{"line":76,"column":12},"end":{"line":79,"column":3}},"line":76},"9":{"name":"(anonymous_9)","decl":{"start":{"line":82,"column":2},"end":{"line":82,"column":3}},"loc":{"start":{"line":82,"column":19},"end":{"line":84,"column":3}},"line":82},"10":{"name":"(anonymous_10)","decl":{"start":{"line":86,"column":2},"end":{"line":86,"column":3}},"loc":{"start":{"line":86,"column":22},"end":{"line":88,"column":3}},"line":86}},"branchMap":{"0":{"loc":{"start":{"line":14,"column":4},"end":{"line":19,"column":5}},"type":"if","locations":[{"start":{"line":14,"column":4},"end":{"line":19,"column":5}},{"start":{},"end":{}}],"line":14},"1":{"loc":{"start":{"line":53,"column":6},"end":{"line":57,"column":7}},"type":"if","locations":[{"start":{"line":53,"column":6},"end":{"line":57,"column":7}},{"start":{},"end":{}}],"line":53},"2":{"loc":{"start":{"line":53,"column":10},"end":{"line":53,"column":118}},"type":"binary-expr","locations":[{"start":{"line":53,"column":10},"end":{"line":53,"column":46}},{"start":{"line":53,"column":50},"end":{"line":53,"column":118}}],"line":53},"3":{"loc":{"start":{"line":54,"column":8},"end":{"line":56,"column":9}},"type":"if","locations":[{"start":{"line":54,"column":8},"end":{"line":56,"column":9}},{"start":{},"end":{}}],"line":54},"4":{"loc":{"start":{"line":63,"column":6},"end":{"line":69,"column":7}},"type":"if","locations":[{"start":{"line":63,"column":6},"end":{"line":69,"column":7}},{"start":{},"end":{}}],"line":63},"5":{"loc":{"start":{"line":63,"column":10},"end":{"line":63,"column":118}},"type":"binary-expr","locations":[{"start":{"line":63,"column":10},"end":{"line":63,"column":46}},{"start":{"line":63,"column":50},"end":{"line":63,"column":118}}],"line":63},"6":{"loc":{"start":{"line":64,"column":8},"end":{"line":68,"column":9}},"type":"if","locations":[{"start":{"line":64,"column":8},"end":{"line":68,"column":9}},{"start":{},"end":{}}],"line":64},"7":{"loc":{"start":{"line":65,"column":10},"end":{"line":67,"column":11}},"type":"if","locations":[{"start":{"line":65,"column":10},"end":{"line":67,"column":11}},{"start":{},"end":{}}],"line":65}},"s":{"0":160,"1":160,"2":160,"3":160,"4":160,"5":160,"6":0,"7":0,"8":160,"9":160,"10":0,"11":0,"12":0,"13":0,"14":0,"15":0,"16":0,"17":0,"18":0,"19":0,"20":0,"21":0,"22":0,"23":0,"24":0,"25":0,"26":0,"27":0,"28":0,"29":0,"30":0,"31":0,"32":0,"33":0,"34":0,"35":0,"36":0,"37":0,"38":0,"39":0,"40":0,"41":0,"42":0},"f":{"0":160,"1":160,"2":0,"3":0,"4":0,"5":0,"6":0,"7":0,"8":0,"9":0,"10":0},"b":{"0":[160,0],"1":[0,0],"2":[0,0],"3":[0,0],"4":[0,0],"5":[0,0],"6":[0,0],"7":[0,0]},"_coverageSchema":"1a1c01bbd47fc00a2c39e90264f33305004495a9","hash":"70e39233e3e6550be332f300bb313649f618751b"}
,"D:\\web\\nimp\\classes\\nodes\\InputColor.js": {"path":"D:\\web\\nimp\\classes\\nodes\\InputColor.js","statementMap":{"0":{"start":{"line":6,"column":4},"end":{"line":6,"column":38}},"1":{"start":{"line":7,"column":4},"end":{"line":7,"column":22}},"2":{"start":{"line":11,"column":4},"end":{"line":13,"column":5}},"3":{"start":{"line":12,"column":6},"end":{"line":12,"column":75}},"4":{"start":{"line":18,"column":4},"end":{"line":20,"column":5}},"5":{"start":{"line":19,"column":6},"end":{"line":19,"column":76}}},"fnMap":{"0":{"name":"(anonymous_0)","decl":{"start":{"line":5,"column":2},"end":{"line":5,"column":3}},"loc":{"start":{"line":5,"column":33},"end":{"line":8,"column":3}},"line":5},"1":{"name":"(anonymous_1)","decl":{"start":{"line":10,"column":2},"end":{"line":10,"column":3}},"loc":{"start":{"line":10,"column":19},"end":{"line":14,"column":3}},"line":10},"2":{"name":"(anonymous_2)","decl":{"start":{"line":17,"column":2},"end":{"line":17,"column":3}},"loc":{"start":{"line":17,"column":22},"end":{"line":21,"column":3}},"line":17}},"branchMap":{"0":{"loc":{"start":{"line":11,"column":4},"end":{"line":13,"column":5}},"type":"if","locations":[{"start":{"line":11,"column":4},"end":{"line":13,"column":5}},{"start":{},"end":{}}],"line":11},"1":{"loc":{"start":{"line":18,"column":4},"end":{"line":20,"column":5}},"type":"if","locations":[{"start":{"line":18,"column":4},"end":{"line":20,"column":5}},{"start":{},"end":{}}],"line":18}},"s":{"0":27,"1":27,"2":0,"3":0,"4":0,"5":0},"f":{"0":27,"1":0,"2":0},"b":{"0":[0,0],"1":[0,0]},"_coverageSchema":"1a1c01bbd47fc00a2c39e90264f33305004495a9","hash":"301e18ed93de66fb1d7c41a49d56f1f33baeeb3c"}
,"D:\\web\\nimp\\classes\\nodes\\InputColorState.js": {"path":"D:\\web\\nimp\\classes\\nodes\\InputColorState.js","statementMap":{"0":{"start":{"line":9,"column":4},"end":{"line":9,"column":29}},"1":{"start":{"line":10,"column":4},"end":{"line":10,"column":47}},"2":{"start":{"line":15,"column":4},"end":{"line":19,"column":5}},"3":{"start":{"line":16,"column":16},"end":{"line":16,"column":18}},"4":{"start":{"line":17,"column":6},"end":{"line":17,"column":39}},"5":{"start":{"line":18,"column":6},"end":{"line":18,"column":56}},"6":{"start":{"line":24,"column":4},"end":{"line":28,"column":5}},"7":{"start":{"line":25,"column":16},"end":{"line":25,"column":18}},"8":{"start":{"line":26,"column":6},"end":{"line":26,"column":40}},"9":{"start":{"line":27,"column":6},"end":{"line":27,"column":56}}},"fnMap":{"0":{"name":"(anonymous_0)","decl":{"start":{"line":8,"column":2},"end":{"line":8,"column":3}},"loc":{"start":{"line":8,"column":52},"end":{"line":11,"column":3}},"line":8},"1":{"name":"(anonymous_1)","decl":{"start":{"line":14,"column":2},"end":{"line":14,"column":3}},"loc":{"start":{"line":14,"column":19},"end":{"line":20,"column":3}},"line":14},"2":{"name":"(anonymous_2)","decl":{"start":{"line":23,"column":2},"end":{"line":23,"column":3}},"loc":{"start":{"line":23,"column":22},"end":{"line":29,"column":3}},"line":23}},"branchMap":{"0":{"loc":{"start":{"line":15,"column":4},"end":{"line":19,"column":5}},"type":"if","locations":[{"start":{"line":15,"column":4},"end":{"line":19,"column":5}},{"start":{},"end":{}}],"line":15},"1":{"loc":{"start":{"line":24,"column":4},"end":{"line":28,"column":5}},"type":"if","locations":[{"start":{"line":24,"column":4},"end":{"line":28,"column":5}},{"start":{},"end":{}}],"line":24}},"s":{"0":12,"1":12,"2":0,"3":0,"4":0,"5":0,"6":0,"7":0,"8":0,"9":0},"f":{"0":12,"1":0,"2":0},"b":{"0":[0,0],"1":[0,0]},"_coverageSchema":"1a1c01bbd47fc00a2c39e90264f33305004495a9","hash":"b3fa8c07f2a50bc1632ff745a8ec86d2f7eba0b7"}
,"D:\\web\\nimp\\classes\\nodes\\InputImage.js": {"path":"D:\\web\\nimp\\classes\\nodes\\InputImage.js","statementMap":{"0":{"start":{"line":6,"column":4},"end":{"line":6,"column":38}},"1":{"start":{"line":7,"column":4},"end":{"line":7,"column":22}}},"fnMap":{"0":{"name":"(anonymous_0)","decl":{"start":{"line":5,"column":2},"end":{"line":5,"column":3}},"loc":{"start":{"line":5,"column":33},"end":{"line":8,"column":3}},"line":5}},"branchMap":{},"s":{"0":0,"1":0},"f":{"0":0},"b":{},"_coverageSchema":"1a1c01bbd47fc00a2c39e90264f33305004495a9","hash":"a6d2fb654a76711efebbac62b94fa0a26c7dc564"}
,"D:\\web\\nimp\\classes\\nodes\\InputNumber.js": {"path":"D:\\web\\nimp\\classes\\nodes\\InputNumber.js","statementMap":{"0":{"start":{"line":6,"column":4},"end":{"line":6,"column":39}},"1":{"start":{"line":7,"column":4},"end":{"line":7,"column":23}},"2":{"start":{"line":8,"column":4},"end":{"line":8,"column":47}},"3":{"start":{"line":12,"column":4},"end":{"line":16,"column":5}},"4":{"start":{"line":13,"column":16},"end":{"line":13,"column":18}},"5":{"start":{"line":14,"column":6},"end":{"line":14,"column":39}},"6":{"start":{"line":15,"column":6},"end":{"line":15,"column":56}},"7":{"start":{"line":21,"column":4},"end":{"line":25,"column":5}},"8":{"start":{"line":22,"column":16},"end":{"line":22,"column":18}},"9":{"start":{"line":23,"column":6},"end":{"line":23,"column":40}},"10":{"start":{"line":24,"column":6},"end":{"line":24,"column":56}}},"fnMap":{"0":{"name":"(anonymous_0)","decl":{"start":{"line":5,"column":2},"end":{"line":5,"column":3}},"loc":{"start":{"line":5,"column":52},"end":{"line":9,"column":3}},"line":5},"1":{"name":"(anonymous_1)","decl":{"start":{"line":11,"column":2},"end":{"line":11,"column":3}},"loc":{"start":{"line":11,"column":19},"end":{"line":17,"column":3}},"line":11},"2":{"name":"(anonymous_2)","decl":{"start":{"line":20,"column":2},"end":{"line":20,"column":3}},"loc":{"start":{"line":20,"column":22},"end":{"line":26,"column":3}},"line":20}},"branchMap":{"0":{"loc":{"start":{"line":12,"column":4},"end":{"line":16,"column":5}},"type":"if","locations":[{"start":{"line":12,"column":4},"end":{"line":16,"column":5}},{"start":{},"end":{}}],"line":12},"1":{"loc":{"start":{"line":21,"column":4},"end":{"line":25,"column":5}},"type":"if","locations":[{"start":{"line":21,"column":4},"end":{"line":25,"column":5}},{"start":{},"end":{}}],"line":21}},"s":{"0":133,"1":133,"2":133,"3":0,"4":0,"5":0,"6":0,"7":0,"8":0,"9":0,"10":0},"f":{"0":133,"1":0,"2":0},"b":{"0":[0,0],"1":[0,0]},"_coverageSchema":"1a1c01bbd47fc00a2c39e90264f33305004495a9","hash":"bd041d7c05bce735b53a18a2c9534784f0b5d4d7"}
,"D:\\web\\nimp\\classes\\nodes\\InputString.js": {"path":"D:\\web\\nimp\\classes\\nodes\\InputString.js","statementMap":{"0":{"start":{"line":6,"column":4},"end":{"line":6,"column":39}},"1":{"start":{"line":7,"column":4},"end":{"line":7,"column":23}},"2":{"start":{"line":8,"column":4},"end":{"line":8,"column":47}},"3":{"start":{"line":13,"column":4},"end":{"line":17,"column":5}},"4":{"start":{"line":14,"column":16},"end":{"line":14,"column":18}},"5":{"start":{"line":15,"column":6},"end":{"line":15,"column":39}},"6":{"start":{"line":16,"column":6},"end":{"line":16,"column":56}},"7":{"start":{"line":22,"column":4},"end":{"line":26,"column":5}},"8":{"start":{"line":23,"column":16},"end":{"line":23,"column":18}},"9":{"start":{"line":24,"column":6},"end":{"line":24,"column":40}},"10":{"start":{"line":25,"column":6},"end":{"line":25,"column":56}}},"fnMap":{"0":{"name":"(anonymous_0)","decl":{"start":{"line":5,"column":2},"end":{"line":5,"column":3}},"loc":{"start":{"line":5,"column":52},"end":{"line":9,"column":3}},"line":5},"1":{"name":"(anonymous_1)","decl":{"start":{"line":12,"column":2},"end":{"line":12,"column":3}},"loc":{"start":{"line":12,"column":19},"end":{"line":18,"column":3}},"line":12},"2":{"name":"(anonymous_2)","decl":{"start":{"line":21,"column":2},"end":{"line":21,"column":3}},"loc":{"start":{"line":21,"column":22},"end":{"line":27,"column":3}},"line":21}},"branchMap":{"0":{"loc":{"start":{"line":13,"column":4},"end":{"line":17,"column":5}},"type":"if","locations":[{"start":{"line":13,"column":4},"end":{"line":17,"column":5}},{"start":{},"end":{}}],"line":13},"1":{"loc":{"start":{"line":22,"column":4},"end":{"line":26,"column":5}},"type":"if","locations":[{"start":{"line":22,"column":4},"end":{"line":26,"column":5}},{"start":{},"end":{}}],"line":22}},"s":{"0":0,"1":0,"2":0,"3":0,"4":0,"5":0,"6":0,"7":0,"8":0,"9":0,"10":0},"f":{"0":0,"1":0,"2":0},"b":{"0":[0,0],"1":[0,0]},"_coverageSchema":"1a1c01bbd47fc00a2c39e90264f33305004495a9","hash":"3ade5202895b48dc78375a331dbcad350de9dcd5"}
,"D:\\web\\nimp\\classes\\nodes\\Node.js": {"path":"D:\\web\\nimp\\classes\\nodes\\Node.js","statementMap":{"0":{"start":{"line":2,"column":15},"end":{"line":2,"column":39}},"1":{"start":{"line":7,"column":4},"end":{"line":7,"column":31}},"2":{"start":{"line":8,"column":4},"end":{"line":8,"column":43}},"3":{"start":{"line":9,"column":4},"end":{"line":9,"column":23}},"4":{"start":{"line":10,"column":4},"end":{"line":10,"column":21}},"5":{"start":{"line":11,"column":4},"end":{"line":11,"column":22}},"6":{"start":{"line":12,"column":4},"end":{"line":12,"column":40}},"7":{"start":{"line":13,"column":4},"end":{"line":13,"column":41}},"8":{"start":{"line":14,"column":4},"end":{"line":14,"column":23}},"9":{"start":{"line":15,"column":4},"end":{"line":15,"column":51}},"10":{"start":{"line":16,"column":4},"end":{"line":16,"column":31}},"11":{"start":{"line":17,"column":4},"end":{"line":17,"column":24}},"12":{"start":{"line":18,"column":4},"end":{"line":18,"column":23}},"13":{"start":{"line":19,"column":4},"end":{"line":19,"column":29}},"14":{"start":{"line":20,"column":4},"end":{"line":20,"column":34}},"15":{"start":{"line":21,"column":4},"end":{"line":21,"column":35}},"16":{"start":{"line":22,"column":4},"end":{"line":22,"column":35}},"17":{"start":{"line":23,"column":4},"end":{"line":23,"column":82}},"18":{"start":{"line":28,"column":4},"end":{"line":38,"column":5}},"19":{"start":{"line":29,"column":19},"end":{"line":29,"column":27}},"20":{"start":{"line":30,"column":28},"end":{"line":30,"column":78}},"21":{"start":{"line":30,"column":71},"end":{"line":30,"column":76}},"22":{"start":{"line":31,"column":6},"end":{"line":31,"column":106}},"23":{"start":{"line":31,"column":89},"end":{"line":31,"column":101}},"24":{"start":{"line":32,"column":6},"end":{"line":32,"column":198}},"25":{"start":{"line":33,"column":6},"end":{"line":33,"column":66}},"26":{"start":{"line":34,"column":6},"end":{"line":34,"column":98}},"27":{"start":{"line":35,"column":6},"end":{"line":35,"column":81}},"28":{"start":{"line":36,"column":6},"end":{"line":36,"column":83}},"29":{"start":{"line":37,"column":6},"end":{"line":37,"column":13}},"30":{"start":{"line":39,"column":4},"end":{"line":39,"column":73}},"31":{"start":{"line":40,"column":4},"end":{"line":40,"column":81}},"32":{"start":{"line":41,"column":4},"end":{"line":41,"column":33}},"33":{"start":{"line":42,"column":4},"end":{"line":42,"column":39}},"34":{"start":{"line":44,"column":4},"end":{"line":44,"column":77}},"35":{"start":{"line":45,"column":4},"end":{"line":45,"column":41}},"36":{"start":{"line":46,"column":4},"end":{"line":46,"column":41}},"37":{"start":{"line":47,"column":4},"end":{"line":47,"column":62}},"38":{"start":{"line":48,"column":4},"end":{"line":48,"column":64}},"39":{"start":{"line":49,"column":4},"end":{"line":49,"column":71}},"40":{"start":{"line":50,"column":4},"end":{"line":50,"column":36}},"41":{"start":{"line":52,"column":4},"end":{"line":58,"column":5}},"42":{"start":{"line":53,"column":6},"end":{"line":53,"column":80}},"43":{"start":{"line":54,"column":6},"end":{"line":57,"column":7}},"44":{"start":{"line":60,"column":4},"end":{"line":62,"column":5}},"45":{"start":{"line":61,"column":6},"end":{"line":61,"column":36}},"46":{"start":{"line":64,"column":4},"end":{"line":67,"column":5}},"47":{"start":{"line":65,"column":6},"end":{"line":65,"column":31}},"48":{"start":{"line":66,"column":6},"end":{"line":66,"column":36}},"49":{"start":{"line":69,"column":4},"end":{"line":69,"column":32}},"50":{"start":{"line":71,"column":17},"end":{"line":71,"column":79}},"51":{"start":{"line":72,"column":4},"end":{"line":72,"column":59}},"52":{"start":{"line":73,"column":4},"end":{"line":73,"column":64}},"53":{"start":{"line":74,"column":4},"end":{"line":74,"column":46}},"54":{"start":{"line":75,"column":4},"end":{"line":75,"column":34}},"55":{"start":{"line":76,"column":4},"end":{"line":76,"column":55}},"56":{"start":{"line":77,"column":4},"end":{"line":77,"column":55}},"57":{"start":{"line":78,"column":4},"end":{"line":78,"column":29}},"58":{"start":{"line":80,"column":4},"end":{"line":80,"column":83}},"59":{"start":{"line":81,"column":4},"end":{"line":81,"column":46}},"60":{"start":{"line":82,"column":4},"end":{"line":82,"column":66}},"61":{"start":{"line":83,"column":4},"end":{"line":83,"column":67}},"62":{"start":{"line":84,"column":4},"end":{"line":84,"column":68}},"63":{"start":{"line":85,"column":4},"end":{"line":85,"column":78}},"64":{"start":{"line":86,"column":4},"end":{"line":86,"column":63}},"65":{"start":{"line":87,"column":4},"end":{"line":87,"column":37}},"66":{"start":{"line":90,"column":4},"end":{"line":90,"column":86}},"67":{"start":{"line":91,"column":4},"end":{"line":91,"column":69}},"68":{"start":{"line":92,"column":4},"end":{"line":92,"column":72}},"69":{"start":{"line":93,"column":4},"end":{"line":93,"column":71}},"70":{"start":{"line":94,"column":4},"end":{"line":94,"column":72}},"71":{"start":{"line":95,"column":4},"end":{"line":95,"column":67}},"72":{"start":{"line":96,"column":4},"end":{"line":96,"column":58}},"73":{"start":{"line":97,"column":4},"end":{"line":97,"column":59}},"74":{"start":{"line":98,"column":4},"end":{"line":98,"column":67}},"75":{"start":{"line":99,"column":4},"end":{"line":99,"column":38}},"76":{"start":{"line":100,"column":4},"end":{"line":100,"column":44}},"77":{"start":{"line":101,"column":4},"end":{"line":101,"column":41}},"78":{"start":{"line":103,"column":4},"end":{"line":103,"column":80}},"79":{"start":{"line":104,"column":4},"end":{"line":104,"column":61}},"80":{"start":{"line":105,"column":4},"end":{"line":105,"column":74}},"81":{"start":{"line":106,"column":4},"end":{"line":106,"column":52}},"82":{"start":{"line":107,"column":4},"end":{"line":107,"column":58}},"83":{"start":{"line":108,"column":4},"end":{"line":108,"column":53}},"84":{"start":{"line":109,"column":4},"end":{"line":109,"column":32}},"85":{"start":{"line":110,"column":4},"end":{"line":110,"column":61}},"86":{"start":{"line":111,"column":4},"end":{"line":111,"column":35}},"87":{"start":{"line":113,"column":4},"end":{"line":113,"column":82}},"88":{"start":{"line":114,"column":4},"end":{"line":114,"column":46}},"89":{"start":{"line":115,"column":4},"end":{"line":115,"column":76}},"90":{"start":{"line":116,"column":4},"end":{"line":116,"column":54}},"91":{"start":{"line":117,"column":4},"end":{"line":117,"column":55}},"92":{"start":{"line":118,"column":4},"end":{"line":118,"column":34}},"93":{"start":{"line":119,"column":4},"end":{"line":119,"column":63}},"94":{"start":{"line":120,"column":4},"end":{"line":120,"column":37}},"95":{"start":{"line":125,"column":16},"end":{"line":125,"column":36}},"96":{"start":{"line":126,"column":4},"end":{"line":128,"column":5}},"97":{"start":{"line":127,"column":6},"end":{"line":127,"column":32}},"98":{"start":{"line":129,"column":4},"end":{"line":129,"column":32}},"99":{"start":{"line":130,"column":4},"end":{"line":130,"column":25}},"100":{"start":{"line":135,"column":4},"end":{"line":135,"column":38}},"101":{"start":{"line":136,"column":4},"end":{"line":141,"column":5}},"102":{"start":{"line":137,"column":6},"end":{"line":140,"column":9}},"103":{"start":{"line":151,"column":4},"end":{"line":151,"column":41}},"104":{"start":{"line":152,"column":4},"end":{"line":154,"column":5}},"105":{"start":{"line":153,"column":6},"end":{"line":153,"column":55}},"106":{"start":{"line":159,"column":4},"end":{"line":159,"column":32}},"107":{"start":{"line":161,"column":4},"end":{"line":163,"column":6}},"108":{"start":{"line":162,"column":6},"end":{"line":162,"column":21}},"109":{"start":{"line":165,"column":4},"end":{"line":167,"column":6}},"110":{"start":{"line":166,"column":6},"end":{"line":166,"column":22}},"111":{"start":{"line":169,"column":4},"end":{"line":169,"column":48}},"112":{"start":{"line":169,"column":41},"end":{"line":169,"column":48}},"113":{"start":{"line":171,"column":4},"end":{"line":171,"column":38}},"114":{"start":{"line":172,"column":4},"end":{"line":172,"column":32}},"115":{"start":{"line":173,"column":4},"end":{"line":173,"column":34}},"116":{"start":{"line":174,"column":4},"end":{"line":174,"column":36}},"117":{"start":{"line":175,"column":4},"end":{"line":175,"column":36}},"118":{"start":{"line":176,"column":4},"end":{"line":176,"column":37}},"119":{"start":{"line":177,"column":4},"end":{"line":177,"column":37}},"120":{"start":{"line":179,"column":4},"end":{"line":181,"column":5}},"121":{"start":{"line":180,"column":6},"end":{"line":180,"column":44}},"122":{"start":{"line":183,"column":4},"end":{"line":183,"column":39}},"123":{"start":{"line":188,"column":4},"end":{"line":192,"column":6}},"124":{"start":{"line":189,"column":6},"end":{"line":191,"column":7}},"125":{"start":{"line":190,"column":8},"end":{"line":190,"column":52}},"126":{"start":{"line":194,"column":4},"end":{"line":198,"column":6}},"127":{"start":{"line":195,"column":6},"end":{"line":197,"column":8}},"128":{"start":{"line":196,"column":8},"end":{"line":196,"column":44}},"129":{"start":{"line":203,"column":15},"end":{"line":213,"column":5}},"130":{"start":{"line":215,"column":4},"end":{"line":217,"column":6}},"131":{"start":{"line":216,"column":6},"end":{"line":216,"column":39}},"132":{"start":{"line":219,"column":4},"end":{"line":221,"column":6}},"133":{"start":{"line":220,"column":6},"end":{"line":220,"column":41}},"134":{"start":{"line":223,"column":4},"end":{"line":223,"column":16}},"135":{"start":{"line":228,"column":4},"end":{"line":235,"column":5}},"136":{"start":{"line":229,"column":6},"end":{"line":231,"column":8}},"137":{"start":{"line":230,"column":8},"end":{"line":230,"column":29}},"138":{"start":{"line":232,"column":6},"end":{"line":234,"column":8}},"139":{"start":{"line":233,"column":8},"end":{"line":233,"column":30}},"140":{"start":{"line":237,"column":4},"end":{"line":237,"column":34}},"141":{"start":{"line":242,"column":4},"end":{"line":249,"column":5}},"142":{"start":{"line":243,"column":6},"end":{"line":245,"column":8}},"143":{"start":{"line":244,"column":8},"end":{"line":244,"column":29}},"144":{"start":{"line":246,"column":6},"end":{"line":248,"column":8}},"145":{"start":{"line":247,"column":8},"end":{"line":247,"column":30}},"146":{"start":{"line":251,"column":4},"end":{"line":251,"column":35}},"147":{"start":{"line":263,"column":4},"end":{"line":263,"column":41}}},"fnMap":{"0":{"name":"(anonymous_0)","decl":{"start":{"line":6,"column":2},"end":{"line":6,"column":3}},"loc":{"start":{"line":6,"column":80},"end":{"line":24,"column":3}},"line":6},"1":{"name":"(anonymous_1)","decl":{"start":{"line":27,"column":2},"end":{"line":27,"column":3}},"loc":{"start":{"line":27,"column":17},"end":{"line":121,"column":3}},"line":27},"2":{"name":"(anonymous_2)","decl":{"start":{"line":29,"column":19},"end":{"line":29,"column":20}},"loc":{"start":{"line":29,"column":25},"end":{"line":29,"column":27}},"line":29},"3":{"name":"(anonymous_3)","decl":{"start":{"line":30,"column":65},"end":{"line":30,"column":66}},"loc":{"start":{"line":30,"column":71},"end":{"line":30,"column":76}},"line":30},"4":{"name":"(anonymous_4)","decl":{"start":{"line":31,"column":70},"end":{"line":31,"column":71}},"loc":{"start":{"line":31,"column":87},"end":{"line":31,"column":103}},"line":31},"5":{"name":"(anonymous_5)","decl":{"start":{"line":52,"column":26},"end":{"line":52,"column":27}},"loc":{"start":{"line":52,"column":37},"end":{"line":58,"column":5}},"line":52},"6":{"name":"(anonymous_6)","decl":{"start":{"line":60,"column":27},"end":{"line":60,"column":28}},"loc":{"start":{"line":60,"column":38},"end":{"line":62,"column":5}},"line":60},"7":{"name":"(anonymous_7)","decl":{"start":{"line":64,"column":27},"end":{"line":64,"column":28}},"loc":{"start":{"line":64,"column":38},"end":{"line":67,"column":5}},"line":64},"8":{"name":"(anonymous_8)","decl":{"start":{"line":124,"column":2},"end":{"line":124,"column":3}},"loc":{"start":{"line":124,"column":12},"end":{"line":131,"column":3}},"line":124},"9":{"name":"(anonymous_9)","decl":{"start":{"line":134,"column":2},"end":{"line":134,"column":3}},"loc":{"start":{"line":134,"column":11},"end":{"line":142,"column":3}},"line":134},"10":{"name":"(anonymous_10)","decl":{"start":{"line":145,"column":2},"end":{"line":145,"column":3}},"loc":{"start":{"line":145,"column":9},"end":{"line":147,"column":3}},"line":145},"11":{"name":"(anonymous_11)","decl":{"start":{"line":150,"column":2},"end":{"line":150,"column":3}},"loc":{"start":{"line":150,"column":13},"end":{"line":155,"column":3}},"line":150},"12":{"name":"(anonymous_12)","decl":{"start":{"line":158,"column":2},"end":{"line":158,"column":3}},"loc":{"start":{"line":158,"column":11},"end":{"line":184,"column":3}},"line":158},"13":{"name":"(anonymous_13)","decl":{"start":{"line":161,"column":24},"end":{"line":161,"column":25}},"loc":{"start":{"line":161,"column":33},"end":{"line":163,"column":5}},"line":161},"14":{"name":"(anonymous_14)","decl":{"start":{"line":165,"column":25},"end":{"line":165,"column":26}},"loc":{"start":{"line":165,"column":35},"end":{"line":167,"column":5}},"line":165},"15":{"name":"(anonymous_15)","decl":{"start":{"line":187,"column":2},"end":{"line":187,"column":3}},"loc":{"start":{"line":187,"column":25},"end":{"line":199,"column":3}},"line":187},"16":{"name":"(anonymous_16)","decl":{"start":{"line":188,"column":24},"end":{"line":188,"column":25}},"loc":{"start":{"line":188,"column":33},"end":{"line":192,"column":5}},"line":188},"17":{"name":"(anonymous_17)","decl":{"start":{"line":194,"column":25},"end":{"line":194,"column":26}},"loc":{"start":{"line":194,"column":35},"end":{"line":198,"column":5}},"line":194},"18":{"name":"(anonymous_18)","decl":{"start":{"line":195,"column":33},"end":{"line":195,"column":34}},"loc":{"start":{"line":195,"column":41},"end":{"line":197,"column":7}},"line":195},"19":{"name":"(anonymous_19)","decl":{"start":{"line":202,"column":2},"end":{"line":202,"column":3}},"loc":{"start":{"line":202,"column":11},"end":{"line":224,"column":3}},"line":202},"20":{"name":"(anonymous_20)","decl":{"start":{"line":215,"column":24},"end":{"line":215,"column":25}},"loc":{"start":{"line":215,"column":33},"end":{"line":217,"column":5}},"line":215},"21":{"name":"(anonymous_21)","decl":{"start":{"line":219,"column":25},"end":{"line":219,"column":26}},"loc":{"start":{"line":219,"column":35},"end":{"line":221,"column":5}},"line":219},"22":{"name":"(anonymous_22)","decl":{"start":{"line":227,"column":2},"end":{"line":227,"column":3}},"loc":{"start":{"line":227,"column":27},"end":{"line":238,"column":3}},"line":227},"23":{"name":"(anonymous_23)","decl":{"start":{"line":229,"column":26},"end":{"line":229,"column":27}},"loc":{"start":{"line":229,"column":35},"end":{"line":231,"column":7}},"line":229},"24":{"name":"(anonymous_24)","decl":{"start":{"line":232,"column":27},"end":{"line":232,"column":28}},"loc":{"start":{"line":232,"column":37},"end":{"line":234,"column":7}},"line":232},"25":{"name":"(anonymous_25)","decl":{"start":{"line":241,"column":2},"end":{"line":241,"column":3}},"loc":{"start":{"line":241,"column":27},"end":{"line":252,"column":3}},"line":241},"26":{"name":"(anonymous_26)","decl":{"start":{"line":243,"column":26},"end":{"line":243,"column":27}},"loc":{"start":{"line":243,"column":35},"end":{"line":245,"column":7}},"line":243},"27":{"name":"(anonymous_27)","decl":{"start":{"line":246,"column":27},"end":{"line":246,"column":28}},"loc":{"start":{"line":246,"column":37},"end":{"line":248,"column":7}},"line":246},"28":{"name":"(anonymous_28)","decl":{"start":{"line":255,"column":2},"end":{"line":255,"column":3}},"loc":{"start":{"line":255,"column":19},"end":{"line":256,"column":3}},"line":255},"29":{"name":"(anonymous_29)","decl":{"start":{"line":258,"column":2},"end":{"line":258,"column":3}},"loc":{"start":{"line":258,"column":22},"end":{"line":259,"column":3}},"line":258},"30":{"name":"(anonymous_30)","decl":{"start":{"line":262,"column":2},"end":{"line":262,"column":3}},"loc":{"start":{"line":262,"column":15},"end":{"line":264,"column":3}},"line":262}},"branchMap":{"0":{"loc":{"start":{"line":23,"column":16},"end":{"line":23,"column":81}},"type":"cond-expr","locations":[{"start":{"line":23,"column":59},"end":{"line":23,"column":76}},{"start":{"line":23,"column":79},"end":{"line":23,"column":81}}],"line":23},"1":{"loc":{"start":{"line":28,"column":4},"end":{"line":38,"column":5}},"type":"if","locations":[{"start":{"line":28,"column":4},"end":{"line":38,"column":5}},{"start":{},"end":{}}],"line":28},"2":{"loc":{"start":{"line":126,"column":4},"end":{"line":128,"column":5}},"type":"if","locations":[{"start":{"line":126,"column":4},"end":{"line":128,"column":5}},{"start":{},"end":{}}],"line":126},"3":{"loc":{"start":{"line":136,"column":4},"end":{"line":141,"column":5}},"type":"if","locations":[{"start":{"line":136,"column":4},"end":{"line":141,"column":5}},{"start":{},"end":{}}],"line":136},"4":{"loc":{"start":{"line":136,"column":8},"end":{"line":136,"column":61}},"type":"binary-expr","locations":[{"start":{"line":136,"column":8},"end":{"line":136,"column":28}},{"start":{"line":136,"column":32},"end":{"line":136,"column":61}}],"line":136},"5":{"loc":{"start":{"line":152,"column":4},"end":{"line":154,"column":5}},"type":"if","locations":[{"start":{"line":152,"column":4},"end":{"line":154,"column":5}},{"start":{},"end":{}}],"line":152},"6":{"loc":{"start":{"line":152,"column":8},"end":{"line":152,"column":61}},"type":"binary-expr","locations":[{"start":{"line":152,"column":8},"end":{"line":152,"column":28}},{"start":{"line":152,"column":32},"end":{"line":152,"column":61}}],"line":152},"7":{"loc":{"start":{"line":169,"column":4},"end":{"line":169,"column":48}},"type":"if","locations":[{"start":{"line":169,"column":4},"end":{"line":169,"column":48}},{"start":{},"end":{}}],"line":169},"8":{"loc":{"start":{"line":189,"column":6},"end":{"line":191,"column":7}},"type":"if","locations":[{"start":{"line":189,"column":6},"end":{"line":191,"column":7}},{"start":{},"end":{}}],"line":189},"9":{"loc":{"start":{"line":228,"column":4},"end":{"line":235,"column":5}},"type":"if","locations":[{"start":{"line":228,"column":4},"end":{"line":235,"column":5}},{"start":{},"end":{}}],"line":228},"10":{"loc":{"start":{"line":242,"column":4},"end":{"line":249,"column":5}},"type":"if","locations":[{"start":{"line":242,"column":4},"end":{"line":249,"column":5}},{"start":{},"end":{}}],"line":242}},"s":{"0":4,"1":108,"2":108,"3":108,"4":108,"5":108,"6":108,"7":108,"8":108,"9":108,"10":108,"11":108,"12":108,"13":108,"14":108,"15":108,"16":108,"17":108,"18":108,"19":108,"20":108,"21":0,"22":108,"23":0,"24":108,"25":108,"26":108,"27":108,"28":108,"29":108,"30":0,"31":0,"32":0,"33":0,"34":0,"35":0,"36":0,"37":0,"38":0,"39":0,"40":0,"41":0,"42":0,"43":0,"44":0,"45":0,"46":0,"47":0,"48":0,"49":0,"50":0,"51":0,"52":0,"53":0,"54":0,"55":0,"56":0,"57":0,"58":0,"59":0,"60":0,"61":0,"62":0,"63":0,"64":0,"65":0,"66":0,"67":0,"68":0,"69":0,"70":0,"71":0,"72":0,"73":0,"74":0,"75":0,"76":0,"77":0,"78":0,"79":0,"80":0,"81":0,"82":0,"83":0,"84":0,"85":0,"86":0,"87":0,"88":0,"89":0,"90":0,"91":0,"92":0,"93":0,"94":0,"95":0,"96":0,"97":0,"98":0,"99":0,"100":3,"101":3,"102":3,"103":1,"104":1,"105":1,"106":2,"107":2,"108":0,"109":2,"110":2,"111":2,"112":2,"113":0,"114":0,"115":0,"116":0,"117":0,"118":0,"119":0,"120":0,"121":0,"122":0,"123":2,"124":0,"125":0,"126":2,"127":2,"128":0,"129":7,"130":7,"131":8,"132":7,"133":7,"134":7,"135":0,"136":0,"137":0,"138":0,"139":0,"140":0,"141":0,"142":0,"143":0,"144":0,"145":0,"146":0,"147":108},"f":{"0":108,"1":108,"2":165,"3":0,"4":0,"5":0,"6":0,"7":0,"8":0,"9":3,"10":0,"11":1,"12":2,"13":0,"14":2,"15":2,"16":0,"17":2,"18":0,"19":7,"20":8,"21":7,"22":0,"23":0,"24":0,"25":0,"26":0,"27":0,"28":0,"29":0,"30":108},"b":{"0":[0,108],"1":[108,0],"2":[0,0],"3":[3,0],"4":[3,3],"5":[1,0],"6":[1,1],"7":[2,0],"8":[0,0],"9":[0,0],"10":[0,0]},"_coverageSchema":"1a1c01bbd47fc00a2c39e90264f33305004495a9","hash":"4067a628278be32e34da68d84ab81d8cc6a46c12"}
,"D:\\web\\nimp\\classes\\nodes\\NodeColor.js": {"path":"D:\\web\\nimp\\classes\\nodes\\NodeColor.js","statementMap":{"0":{"start":{"line":2,"column":18},"end":{"line":2,"column":39}},"1":{"start":{"line":3,"column":15},"end":{"line":3,"column":41}},"2":{"start":{"line":8,"column":4},"end":{"line":8,"column":71}},"3":{"start":{"line":10,"column":4},"end":{"line":10,"column":35}},"4":{"start":{"line":12,"column":4},"end":{"line":12,"column":68}},"5":{"start":{"line":13,"column":4},"end":{"line":13,"column":22}},"6":{"start":{"line":27,"column":4},"end":{"line":36,"column":6}},"7":{"start":{"line":28,"column":6},"end":{"line":35,"column":8}},"8":{"start":{"line":29,"column":8},"end":{"line":33,"column":9}},"9":{"start":{"line":30,"column":10},"end":{"line":30,"column":28}},"10":{"start":{"line":32,"column":10},"end":{"line":32,"column":34}},"11":{"start":{"line":34,"column":8},"end":{"line":34,"column":23}},"12":{"start":{"line":41,"column":4},"end":{"line":41,"column":65}},"13":{"start":{"line":42,"column":4},"end":{"line":42,"column":40}},"14":{"start":{"line":43,"column":4},"end":{"line":43,"column":26}},"15":{"start":{"line":45,"column":4},"end":{"line":49,"column":5}},"16":{"start":{"line":46,"column":6},"end":{"line":46,"column":36}},"17":{"start":{"line":48,"column":6},"end":{"line":48,"column":52}},"18":{"start":{"line":54,"column":4},"end":{"line":54,"column":44}},"19":{"start":{"line":54,"column":37},"end":{"line":54,"column":44}},"20":{"start":{"line":55,"column":4},"end":{"line":63,"column":6}},"21":{"start":{"line":56,"column":6},"end":{"line":62,"column":7}},"22":{"start":{"line":57,"column":8},"end":{"line":57,"column":27}},"23":{"start":{"line":59,"column":8},"end":{"line":61,"column":11}},"24":{"start":{"line":60,"column":10},"end":{"line":60,"column":107}}},"fnMap":{"0":{"name":"(anonymous_0)","decl":{"start":{"line":7,"column":2},"end":{"line":7,"column":3}},"loc":{"start":{"line":7,"column":75},"end":{"line":14,"column":3}},"line":7},"1":{"name":"(anonymous_1)","decl":{"start":{"line":17,"column":2},"end":{"line":17,"column":3}},"loc":{"start":{"line":17,"column":9},"end":{"line":19,"column":3}},"line":17},"2":{"name":"(anonymous_2)","decl":{"start":{"line":21,"column":2},"end":{"line":21,"column":3}},"loc":{"start":{"line":21,"column":11},"end":{"line":23,"column":3}},"line":21},"3":{"name":"(anonymous_3)","decl":{"start":{"line":26,"column":2},"end":{"line":26,"column":3}},"loc":{"start":{"line":26,"column":19},"end":{"line":37,"column":3}},"line":26},"4":{"name":"(anonymous_4)","decl":{"start":{"line":27,"column":25},"end":{"line":27,"column":26}},"loc":{"start":{"line":27,"column":35},"end":{"line":36,"column":5}},"line":27},"5":{"name":"(anonymous_5)","decl":{"start":{"line":28,"column":33},"end":{"line":28,"column":34}},"loc":{"start":{"line":28,"column":41},"end":{"line":35,"column":7}},"line":28},"6":{"name":"(anonymous_6)","decl":{"start":{"line":40,"column":2},"end":{"line":40,"column":3}},"loc":{"start":{"line":40,"column":26},"end":{"line":50,"column":3}},"line":40},"7":{"name":"(anonymous_7)","decl":{"start":{"line":53,"column":2},"end":{"line":53,"column":3}},"loc":{"start":{"line":53,"column":18},"end":{"line":64,"column":3}},"line":53},"8":{"name":"(anonymous_8)","decl":{"start":{"line":55,"column":40},"end":{"line":55,"column":41}},"loc":{"start":{"line":55,"column":58},"end":{"line":63,"column":5}},"line":55},"9":{"name":"(anonymous_9)","decl":{"start":{"line":59,"column":49},"end":{"line":59,"column":50}},"loc":{"start":{"line":59,"column":54},"end":{"line":61,"column":9}},"line":59}},"branchMap":{"0":{"loc":{"start":{"line":29,"column":8},"end":{"line":33,"column":9}},"type":"if","locations":[{"start":{"line":29,"column":8},"end":{"line":33,"column":9}},{"start":{"line":31,"column":15},"end":{"line":33,"column":9}}],"line":29},"1":{"loc":{"start":{"line":45,"column":4},"end":{"line":49,"column":5}},"type":"if","locations":[{"start":{"line":45,"column":4},"end":{"line":49,"column":5}},{"start":{"line":47,"column":11},"end":{"line":49,"column":5}}],"line":45},"2":{"loc":{"start":{"line":54,"column":4},"end":{"line":54,"column":44}},"type":"if","locations":[{"start":{"line":54,"column":4},"end":{"line":54,"column":44}},{"start":{},"end":{}}],"line":54},"3":{"loc":{"start":{"line":56,"column":6},"end":{"line":62,"column":7}},"type":"if","locations":[{"start":{"line":56,"column":6},"end":{"line":62,"column":7}},{"start":{"line":58,"column":13},"end":{"line":62,"column":7}}],"line":56}},"s":{"0":3,"1":3,"2":22,"3":22,"4":22,"5":22,"6":14,"7":14,"8":0,"9":0,"10":0,"11":0,"12":20,"13":20,"14":20,"15":20,"16":20,"17":0,"18":0,"19":0,"20":0,"21":0,"22":0,"23":0,"24":0},"f":{"0":22,"1":0,"2":0,"3":14,"4":14,"5":0,"6":20,"7":0,"8":0,"9":0},"b":{"0":[0,0],"1":[20,0],"2":[0,0],"3":[0,0]},"_coverageSchema":"1a1c01bbd47fc00a2c39e90264f33305004495a9","hash":"f95a228bc40ef1c478a076ee0be1b863c0999fab"}
,"D:\\web\\nimp\\classes\\nodes\\NodeImage.js": {"path":"D:\\web\\nimp\\classes\\nodes\\NodeImage.js","statementMap":{"0":{"start":{"line":3,"column":15},"end":{"line":3,"column":41}},"1":{"start":{"line":10,"column":4},"end":{"line":10,"column":71}},"2":{"start":{"line":12,"column":4},"end":{"line":12,"column":22}},"3":{"start":{"line":14,"column":4},"end":{"line":14,"column":68}},"4":{"start":{"line":19,"column":4},"end":{"line":19,"column":36}},"5":{"start":{"line":20,"column":4},"end":{"line":20,"column":48}},"6":{"start":{"line":20,"column":41},"end":{"line":20,"column":48}},"7":{"start":{"line":21,"column":16},"end":{"line":21,"column":56}},"8":{"start":{"line":22,"column":4},"end":{"line":30,"column":5}},"9":{"start":{"line":23,"column":6},"end":{"line":29,"column":7}},"10":{"start":{"line":24,"column":8},"end":{"line":26,"column":10}},"11":{"start":{"line":25,"column":10},"end":{"line":25,"column":74}},"12":{"start":{"line":28,"column":8},"end":{"line":28,"column":21}},"13":{"start":{"line":35,"column":4},"end":{"line":35,"column":39}},"14":{"start":{"line":36,"column":4},"end":{"line":36,"column":48}},"15":{"start":{"line":36,"column":41},"end":{"line":36,"column":48}},"16":{"start":{"line":37,"column":16},"end":{"line":37,"column":56}},"17":{"start":{"line":38,"column":4},"end":{"line":40,"column":5}},"18":{"start":{"line":39,"column":6},"end":{"line":39,"column":19}},"19":{"start":{"line":45,"column":4},"end":{"line":57,"column":6}},"20":{"start":{"line":46,"column":6},"end":{"line":56,"column":7}},"21":{"start":{"line":47,"column":8},"end":{"line":55,"column":10}},"22":{"start":{"line":48,"column":10},"end":{"line":54,"column":11}},"23":{"start":{"line":49,"column":12},"end":{"line":49,"column":36}},"24":{"start":{"line":50,"column":12},"end":{"line":50,"column":27}},"25":{"start":{"line":52,"column":12},"end":{"line":52,"column":30}},"26":{"start":{"line":53,"column":12},"end":{"line":53,"column":27}},"27":{"start":{"line":62,"column":4},"end":{"line":62,"column":65}},"28":{"start":{"line":63,"column":4},"end":{"line":63,"column":40}},"29":{"start":{"line":65,"column":4},"end":{"line":69,"column":5}},"30":{"start":{"line":66,"column":6},"end":{"line":66,"column":86}},"31":{"start":{"line":68,"column":6},"end":{"line":68,"column":36}},"32":{"start":{"line":71,"column":4},"end":{"line":73,"column":5}},"33":{"start":{"line":72,"column":6},"end":{"line":72,"column":18}},"34":{"start":{"line":75,"column":4},"end":{"line":79,"column":5}},"35":{"start":{"line":76,"column":6},"end":{"line":76,"column":36}},"36":{"start":{"line":78,"column":6},"end":{"line":78,"column":52}},"37":{"start":{"line":81,"column":4},"end":{"line":81,"column":26}},"38":{"start":{"line":86,"column":4},"end":{"line":92,"column":6}},"39":{"start":{"line":87,"column":6},"end":{"line":91,"column":8}},"40":{"start":{"line":88,"column":8},"end":{"line":90,"column":10}},"41":{"start":{"line":89,"column":10},"end":{"line":89,"column":107}}},"fnMap":{"0":{"name":"(anonymous_0)","decl":{"start":{"line":9,"column":2},"end":{"line":9,"column":3}},"loc":{"start":{"line":9,"column":75},"end":{"line":15,"column":3}},"line":9},"1":{"name":"(anonymous_1)","decl":{"start":{"line":18,"column":2},"end":{"line":18,"column":3}},"loc":{"start":{"line":18,"column":9},"end":{"line":31,"column":3}},"line":18},"2":{"name":"(anonymous_2)","decl":{"start":{"line":24,"column":54},"end":{"line":24,"column":55}},"loc":{"start":{"line":24,"column":59},"end":{"line":26,"column":9}},"line":24},"3":{"name":"(anonymous_3)","decl":{"start":{"line":34,"column":2},"end":{"line":34,"column":3}},"loc":{"start":{"line":34,"column":11},"end":{"line":41,"column":3}},"line":34},"4":{"name":"(anonymous_4)","decl":{"start":{"line":44,"column":2},"end":{"line":44,"column":3}},"loc":{"start":{"line":44,"column":19},"end":{"line":58,"column":3}},"line":44},"5":{"name":"(anonymous_5)","decl":{"start":{"line":45,"column":25},"end":{"line":45,"column":26}},"loc":{"start":{"line":45,"column":35},"end":{"line":57,"column":5}},"line":45},"6":{"name":"(anonymous_6)","decl":{"start":{"line":47,"column":35},"end":{"line":47,"column":36}},"loc":{"start":{"line":47,"column":43},"end":{"line":55,"column":9}},"line":47},"7":{"name":"(anonymous_7)","decl":{"start":{"line":61,"column":2},"end":{"line":61,"column":3}},"loc":{"start":{"line":61,"column":26},"end":{"line":82,"column":3}},"line":61},"8":{"name":"(anonymous_8)","decl":{"start":{"line":85,"column":2},"end":{"line":85,"column":3}},"loc":{"start":{"line":85,"column":18},"end":{"line":93,"column":3}},"line":85},"9":{"name":"(anonymous_9)","decl":{"start":{"line":86,"column":21},"end":{"line":86,"column":22}},"loc":{"start":{"line":86,"column":39},"end":{"line":92,"column":5}},"line":86},"10":{"name":"(anonymous_10)","decl":{"start":{"line":87,"column":50},"end":{"line":87,"column":51}},"loc":{"start":{"line":87,"column":68},"end":{"line":91,"column":7}},"line":87},"11":{"name":"(anonymous_11)","decl":{"start":{"line":88,"column":49},"end":{"line":88,"column":50}},"loc":{"start":{"line":88,"column":54},"end":{"line":90,"column":9}},"line":88}},"branchMap":{"0":{"loc":{"start":{"line":20,"column":4},"end":{"line":20,"column":48}},"type":"if","locations":[{"start":{"line":20,"column":4},"end":{"line":20,"column":48}},{"start":{},"end":{}}],"line":20},"1":{"loc":{"start":{"line":22,"column":4},"end":{"line":30,"column":5}},"type":"if","locations":[{"start":{"line":22,"column":4},"end":{"line":30,"column":5}},{"start":{},"end":{}}],"line":22},"2":{"loc":{"start":{"line":23,"column":6},"end":{"line":29,"column":7}},"type":"if","locations":[{"start":{"line":23,"column":6},"end":{"line":29,"column":7}},{"start":{"line":27,"column":13},"end":{"line":29,"column":7}}],"line":23},"3":{"loc":{"start":{"line":36,"column":4},"end":{"line":36,"column":48}},"type":"if","locations":[{"start":{"line":36,"column":4},"end":{"line":36,"column":48}},{"start":{},"end":{}}],"line":36},"4":{"loc":{"start":{"line":38,"column":4},"end":{"line":40,"column":5}},"type":"if","locations":[{"start":{"line":38,"column":4},"end":{"line":40,"column":5}},{"start":{},"end":{}}],"line":38},"5":{"loc":{"start":{"line":46,"column":6},"end":{"line":56,"column":7}},"type":"if","locations":[{"start":{"line":46,"column":6},"end":{"line":56,"column":7}},{"start":{},"end":{}}],"line":46},"6":{"loc":{"start":{"line":48,"column":10},"end":{"line":54,"column":11}},"type":"if","locations":[{"start":{"line":48,"column":10},"end":{"line":54,"column":11}},{"start":{"line":51,"column":17},"end":{"line":54,"column":11}}],"line":48},"7":{"loc":{"start":{"line":65,"column":4},"end":{"line":69,"column":5}},"type":"if","locations":[{"start":{"line":65,"column":4},"end":{"line":69,"column":5}},{"start":{"line":67,"column":11},"end":{"line":69,"column":5}}],"line":65},"8":{"loc":{"start":{"line":71,"column":4},"end":{"line":73,"column":5}},"type":"if","locations":[{"start":{"line":71,"column":4},"end":{"line":73,"column":5}},{"start":{},"end":{}}],"line":71},"9":{"loc":{"start":{"line":75,"column":4},"end":{"line":79,"column":5}},"type":"if","locations":[{"start":{"line":75,"column":4},"end":{"line":79,"column":5}},{"start":{"line":77,"column":11},"end":{"line":79,"column":5}}],"line":75}},"s":{"0":2,"1":0,"2":0,"3":0,"4":0,"5":0,"6":0,"7":0,"8":0,"9":0,"10":0,"11":0,"12":0,"13":0,"14":0,"15":0,"16":0,"17":0,"18":0,"19":0,"20":0,"21":0,"22":0,"23":0,"24":0,"25":0,"26":0,"27":0,"28":0,"29":0,"30":0,"31":0,"32":0,"33":0,"34":0,"35":0,"36":0,"37":0,"38":0,"39":0,"40":0,"41":0},"f":{"0":0,"1":0,"2":0,"3":0,"4":0,"5":0,"6":0,"7":0,"8":0,"9":0,"10":0,"11":0},"b":{"0":[0,0],"1":[0,0],"2":[0,0],"3":[0,0],"4":[0,0],"5":[0,0],"6":[0,0],"7":[0,0],"8":[0,0],"9":[0,0]},"_coverageSchema":"1a1c01bbd47fc00a2c39e90264f33305004495a9","hash":"5a3ead33d9b0652c00fcdd0a8f0aa3a6889c1982"}
,"D:\\web\\nimp\\classes\\nodes\\NodeNumber.js": {"path":"D:\\web\\nimp\\classes\\nodes\\NodeNumber.js","statementMap":{"0":{"start":{"line":6,"column":4},"end":{"line":6,"column":71}},"1":{"start":{"line":8,"column":4},"end":{"line":8,"column":20}},"2":{"start":{"line":10,"column":4},"end":{"line":10,"column":45}},"3":{"start":{"line":11,"column":4},"end":{"line":11,"column":22}},"4":{"start":{"line":25,"column":4},"end":{"line":34,"column":6}},"5":{"start":{"line":26,"column":6},"end":{"line":33,"column":8}},"6":{"start":{"line":27,"column":8},"end":{"line":31,"column":9}},"7":{"start":{"line":28,"column":10},"end":{"line":28,"column":29}},"8":{"start":{"line":30,"column":10},"end":{"line":30,"column":36}},"9":{"start":{"line":32,"column":8},"end":{"line":32,"column":23}},"10":{"start":{"line":39,"column":4},"end":{"line":39,"column":65}},"11":{"start":{"line":40,"column":4},"end":{"line":40,"column":40}},"12":{"start":{"line":41,"column":4},"end":{"line":41,"column":26}},"13":{"start":{"line":42,"column":4},"end":{"line":42,"column":25}},"14":{"start":{"line":47,"column":4},"end":{"line":51,"column":5}},"15":{"start":{"line":48,"column":6},"end":{"line":48,"column":49}},"16":{"start":{"line":50,"column":6},"end":{"line":50,"column":40}}},"fnMap":{"0":{"name":"(anonymous_0)","decl":{"start":{"line":5,"column":2},"end":{"line":5,"column":3}},"loc":{"start":{"line":5,"column":75},"end":{"line":12,"column":3}},"line":5},"1":{"name":"(anonymous_1)","decl":{"start":{"line":15,"column":2},"end":{"line":15,"column":3}},"loc":{"start":{"line":15,"column":9},"end":{"line":17,"column":3}},"line":15},"2":{"name":"(anonymous_2)","decl":{"start":{"line":19,"column":2},"end":{"line":19,"column":3}},"loc":{"start":{"line":19,"column":11},"end":{"line":21,"column":3}},"line":19},"3":{"name":"(anonymous_3)","decl":{"start":{"line":24,"column":2},"end":{"line":24,"column":3}},"loc":{"start":{"line":24,"column":19},"end":{"line":35,"column":3}},"line":24},"4":{"name":"(anonymous_4)","decl":{"start":{"line":25,"column":25},"end":{"line":25,"column":26}},"loc":{"start":{"line":25,"column":35},"end":{"line":34,"column":5}},"line":25},"5":{"name":"(anonymous_5)","decl":{"start":{"line":26,"column":33},"end":{"line":26,"column":34}},"loc":{"start":{"line":26,"column":41},"end":{"line":33,"column":7}},"line":26},"6":{"name":"(anonymous_6)","decl":{"start":{"line":38,"column":2},"end":{"line":38,"column":3}},"loc":{"start":{"line":38,"column":26},"end":{"line":43,"column":3}},"line":38},"7":{"name":"(anonymous_7)","decl":{"start":{"line":46,"column":2},"end":{"line":46,"column":3}},"loc":{"start":{"line":46,"column":18},"end":{"line":52,"column":3}},"line":46}},"branchMap":{"0":{"loc":{"start":{"line":27,"column":8},"end":{"line":31,"column":9}},"type":"if","locations":[{"start":{"line":27,"column":8},"end":{"line":31,"column":9}},{"start":{"line":29,"column":15},"end":{"line":31,"column":9}}],"line":27},"1":{"loc":{"start":{"line":27,"column":12},"end":{"line":27,"column":53}},"type":"binary-expr","locations":[{"start":{"line":27,"column":12},"end":{"line":27,"column":31}},{"start":{"line":27,"column":35},"end":{"line":27,"column":53}}],"line":27},"2":{"loc":{"start":{"line":47,"column":4},"end":{"line":51,"column":5}},"type":"if","locations":[{"start":{"line":47,"column":4},"end":{"line":51,"column":5}},{"start":{"line":49,"column":11},"end":{"line":51,"column":5}}],"line":47}},"s":{"0":86,"1":86,"2":86,"3":86,"4":70,"5":70,"6":0,"7":0,"8":0,"9":0,"10":70,"11":70,"12":70,"13":70,"14":70,"15":51,"16":19},"f":{"0":86,"1":1,"2":0,"3":70,"4":70,"5":0,"6":70,"7":70},"b":{"0":[0,0],"1":[0,0],"2":[51,19]},"_coverageSchema":"1a1c01bbd47fc00a2c39e90264f33305004495a9","hash":"c388bf9c8854c22bc5246079ee7ecac8c4d60d41"}
[...]
,"D:\\web\\nimp\\server\\api\\graphs.js": {"path":"D:\\web\\nimp\\server\\api\\graphs.js","statementMap":{"0":{"start":{"line":1,"column":15},"end":{"line":1,"column":39}},"1":{"start":{"line":4,"column":0},"end":{"line":44,"column":1}},"2":{"start":{"line":5,"column":2},"end":{"line":16,"column":4}},"3":{"start":{"line":6,"column":23},"end":{"line":6,"column":61}},"4":{"start":{"line":7,"column":19},"end":{"line":7,"column":147}},"5":{"start":{"line":8,"column":4},"end":{"line":15,"column":6}},"6":{"start":{"line":9,"column":6},"end":{"line":14,"column":7}},"7":{"start":{"line":10,"column":8},"end":{"line":10,"column":27}},"8":{"start":{"line":11,"column":8},"end":{"line":11,"column":30}},"9":{"start":{"line":13,"column":8},"end":{"line":13,"column":31}},"10":{"start":{"line":19,"column":2},"end":{"line":43,"column":4}},"11":{"start":{"line":20,"column":23},"end":{"line":20,"column":61}},"12":{"start":{"line":22,"column":4},"end":{"line":24,"column":5}},"13":{"start":{"line":23,"column":6},"end":{"line":23,"column":35}},"14":{"start":{"line":26,"column":19},"end":{"line":26,"column":48}},"15":{"start":{"line":28,"column":15},"end":{"line":28,"column":30}},"16":{"start":{"line":30,"column":4},"end":{"line":32,"column":5}},"17":{"start":{"line":31,"column":6},"end":{"line":31,"column":27}},"18":{"start":{"line":34,"column":19},"end":{"line":34,"column":136}},"19":{"start":{"line":35,"column":4},"end":{"line":42,"column":6}},"20":{"start":{"line":36,"column":6},"end":{"line":41,"column":7}},"21":{"start":{"line":37,"column":8},"end":{"line":37,"column":27}},"22":{"start":{"line":38,"column":8},"end":{"line":38,"column":30}},"23":{"start":{"line":40,"column":8},"end":{"line":40,"column":31}}},"fnMap":{"0":{"name":"(anonymous_0)","decl":{"start":{"line":4,"column":17},"end":{"line":4,"column":18}},"loc":{"start":{"line":4,"column":31},"end":{"line":44,"column":1}},"line":4},"1":{"name":"(anonymous_1)","decl":{"start":{"line":5,"column":25},"end":{"line":5,"column":26}},"loc":{"start":{"line":5,"column":45},"end":{"line":16,"column":3}},"line":5},"2":{"name":"(anonymous_2)","decl":{"start":{"line":8,"column":19},"end":{"line":8,"column":20}},"loc":{"start":{"line":8,"column":38},"end":{"line":15,"column":5}},"line":8},"3":{"name":"(anonymous_3)","decl":{"start":{"line":19,"column":30},"end":{"line":19,"column":31}},"loc":{"start":{"line":19,"column":50},"end":{"line":43,"column":3}},"line":19},"4":{"name":"(anonymous_4)","decl":{"start":{"line":35,"column":19},"end":{"line":35,"column":20}},"loc":{"start":{"line":35,"column":38},"end":{"line":42,"column":5}},"line":35}},"branchMap":{"0":{"loc":{"start":{"line":9,"column":6},"end":{"line":14,"column":7}},"type":"if","locations":[{"start":{"line":9,"column":6},"end":{"line":14,"column":7}},{"start":{"line":12,"column":13},"end":{"line":14,"column":7}}],"line":9},"1":{"loc":{"start":{"line":22,"column":4},"end":{"line":24,"column":5}},"type":"if","locations":[{"start":{"line":22,"column":4},"end":{"line":24,"column":5}},{"start":{},"end":{}}],"line":22},"2":{"loc":{"start":{"line":30,"column":4},"end":{"line":32,"column":5}},"type":"if","locations":[{"start":{"line":30,"column":4},"end":{"line":32,"column":5}},{"start":{},"end":{}}],"line":30},"3":{"loc":{"start":{"line":36,"column":6},"end":{"line":41,"column":7}},"type":"if","locations":[{"start":{"line":36,"column":6},"end":{"line":41,"column":7}},{"start":{"line":39,"column":13},"end":{"line":41,"column":7}}],"line":36}},"s":{"0":6,"1":6,"2":6,"3":3,"4":3,"5":3,"6":3,"7":0,"8":0,"9":3,"10":6,"11":3,"12":3,"13":1,"14":2,"15":2,"16":2,"17":1,"18":2,"19":2,"20":2,"21":0,"22":0,"23":2},"f":{"0":6,"1":3,"2":3,"3":3,"4":2},"b":{"0":[0,3],"1":[1,2],"2":[1,1],"3":[0,2]},"_coverageSchema":"1a1c01bbd47fc00a2c39e90264f33305004495a9","hash":"a6a6b337f0ea662bb59f531235fe303ac100ea13"}
,"D:\\web\\nimp\\server\\api\\login.js": {"path":"D:\\web\\nimp\\server\\api\\login.js","statementMap":{"0":{"start":{"line":1,"column":15},"end":{"line":1,"column":34}},"1":{"start":{"line":4,"column":0},"end":{"line":40,"column":1}},"2":{"start":{"line":5,"column":2},"end":{"line":39,"column":4}},"3":{"start":{"line":6,"column":4},"end":{"line":8,"column":5}},"4":{"start":{"line":7,"column":6},"end":{"line":7,"column":61}},"5":{"start":{"line":10,"column":4},"end":{"line":12,"column":5}},"6":{"start":{"line":11,"column":6},"end":{"line":11,"column":56}},"7":{"start":{"line":14,"column":23},"end":{"line":14,"column":60}},"8":{"start":{"line":16,"column":4},"end":{"line":38,"column":6}},"9":{"start":{"line":17,"column":6},"end":{"line":37,"column":7}},"10":{"start":{"line":18,"column":8},"end":{"line":18,"column":59}},"11":{"start":{"line":20,"column":8},"end":{"line":36,"column":9}},"12":{"start":{"line":22,"column":10},"end":{"line":33,"column":12}},"13":{"start":{"line":23,"column":12},"end":{"line":32,"column":13}},"14":{"start":{"line":24,"column":14},"end":{"line":24,"column":72}},"15":{"start":{"line":26,"column":14},"end":{"line":31,"column":15}},"16":{"start":{"line":27,"column":16},"end":{"line":27,"column":40}},"17":{"start":{"line":28,"column":16},"end":{"line":28,"column":45}},"18":{"start":{"line":30,"column":16},"end":{"line":30,"column":63}},"19":{"start":{"line":35,"column":10},"end":{"line":35,"column":58}}},"fnMap":{"0":{"name":"(anonymous_0)","decl":{"start":{"line":4,"column":17},"end":{"line":4,"column":18}},"loc":{"start":{"line":4,"column":31},"end":{"line":40,"column":1}},"line":4},"1":{"name":"(anonymous_1)","decl":{"start":{"line":5,"column":25},"end":{"line":5,"column":26}},"loc":{"start":{"line":5,"column":45},"end":{"line":39,"column":3}},"line":5},"2":{"name":"(anonymous_2)","decl":{"start":{"line":16,"column":72},"end":{"line":16,"column":73}},"loc":{"start":{"line":16,"column":89},"end":{"line":38,"column":5}},"line":16},"3":{"name":"(anonymous_3)","decl":{"start":{"line":22,"column":59},"end":{"line":22,"column":60}},"loc":{"start":{"line":22,"column":78},"end":{"line":33,"column":11}},"line":22}},"branchMap":{"0":{"loc":{"start":{"line":6,"column":4},"end":{"line":8,"column":5}},"type":"if","locations":[{"start":{"line":6,"column":4},"end":{"line":8,"column":5}},{"start":{},"end":{}}],"line":6},"1":{"loc":{"start":{"line":6,"column":8},"end":{"line":6,"column":49}},"type":"binary-expr","locations":[{"start":{"line":6,"column":8},"end":{"line":6,"column":23}},{"start":{"line":6,"column":27},"end":{"line":6,"column":49}}],"line":6},"2":{"loc":{"start":{"line":10,"column":4},"end":{"line":12,"column":5}},"type":"if","locations":[{"start":{"line":10,"column":4},"end":{"line":12,"column":5}},{"start":{},"end":{}}],"line":10},"3":{"loc":{"start":{"line":10,"column":8},"end":{"line":10,"column":55}},"type":"binary-expr","locations":[{"start":{"line":10,"column":8},"end":{"line":10,"column":26}},{"start":{"line":10,"column":30},"end":{"line":10,"column":55}}],"line":10},"4":{"loc":{"start":{"line":17,"column":6},"end":{"line":37,"column":7}},"type":"if","locations":[{"start":{"line":17,"column":6},"end":{"line":37,"column":7}},{"start":{"line":19,"column":13},"end":{"line":37,"column":7}}],"line":17},"5":{"loc":{"start":{"line":20,"column":8},"end":{"line":36,"column":9}},"type":"if","locations":[{"start":{"line":20,"column":8},"end":{"line":36,"column":9}},{"start":{"line":34,"column":15},"end":{"line":36,"column":9}}],"line":20},"6":{"loc":{"start":{"line":23,"column":12},"end":{"line":32,"column":13}},"type":"if","locations":[{"start":{"line":23,"column":12},"end":{"line":32,"column":13}},{"start":{"line":25,"column":19},"end":{"line":32,"column":13}}],"line":23},"7":{"loc":{"start":{"line":26,"column":14},"end":{"line":31,"column":15}},"type":"if","locations":[{"start":{"line":26,"column":14},"end":{"line":31,"column":15}},{"start":{"line":29,"column":21},"end":{"line":31,"column":15}}],"line":26}},"s":{"0":6,"1":6,"2":6,"3":8,"4":1,"5":7,"6":1,"7":6,"8":6,"9":6,"10":0,"11":6,"12":5,"13":5,"14":0,"15":5,"16":4,"17":4,"18":1,"19":1},"f":{"0":6,"1":8,"2":6,"3":5},"b":{"0":[1,7],"1":[8,7],"2":[1,6],"3":[7,6],"4":[0,6],"5":[5,1],"6":[0,5],"7":[4,1]},"_coverageSchema":"1a1c01bbd47fc00a2c39e90264f33305004495a9","hash":"b9586fa01ef9c930cfe4173212e469469788c33d"}
,"D:\\web\\nimp\\server\\api\\logout.js": {"path":"D:\\web\\nimp\\server\\api\\logout.js","statementMap":{"0":{"start":{"line":1,"column":0},"end":{"line":6,"column":1}},"1":{"start":{"line":2,"column":2},"end":{"line":5,"column":4}},"2":{"start":{"line":3,"column":4},"end":{"line":3,"column":28}},"3":{"start":{"line":4,"column":4},"end":{"line":4,"column":26}}},"fnMap":{"0":{"name":"(anonymous_0)","decl":{"start":{"line":1,"column":17},"end":{"line":1,"column":18}},"loc":{"start":{"line":1,"column":31},"end":{"line":6,"column":1}},"line":1},"1":{"name":"(anonymous_1)","decl":{"start":{"line":2,"column":25},"end":{"line":2,"column":26}},"loc":{"start":{"line":2,"column":45},"end":{"line":5,"column":3}},"line":2}},"branchMap":{},"s":{"0":6,"1":6,"2":1,"3":1},"f":{"0":6,"1":1},"b":{},"_coverageSchema":"1a1c01bbd47fc00a2c39e90264f33305004495a9","hash":"6604867b374fa075d594073a284389dd21a25abc"}
,"D:\\web\\nimp\\server\\api\\savegraph.js": {"path":"D:\\web\\nimp\\server\\api\\savegraph.js","statementMap":{"0":{"start":{"line":1,"column":15},"end":{"line":1,"column":42}},"1":{"start":{"line":2,"column":18},"end":{"line":2,"column":44}},"2":{"start":{"line":5,"column":0},"end":{"line":143,"column":1}},"3":{"start":{"line":7,"column":2},"end":{"line":12,"column":4}},"4":{"start":{"line":8,"column":23},"end":{"line":8,"column":61}},"5":{"start":{"line":9,"column":20},"end":{"line":9,"column":50}},"6":{"start":{"line":10,"column":4},"end":{"line":10,"column":86}},"7":{"start":{"line":11,"column":4},"end":{"line":11,"column":26}},"8":{"start":{"line":16,"column":2},"end":{"line":59,"column":4}},"9":{"start":{"line":17,"column":4},"end":{"line":58,"column":5}},"10":{"start":{"line":18,"column":25},"end":{"line":18,"column":63}},"11":{"start":{"line":19,"column":25},"end":{"line":19,"column":56}},"12":{"start":{"line":20,"column":19},"end":{"line":20,"column":70}},"13":{"start":{"line":22,"column":6},"end":{"line":57,"column":8}},"14":{"start":{"line":23,"column":8},"end":{"line":56,"column":9}},"15":{"start":{"line":24,"column":10},"end":{"line":24,"column":54}},"16":{"start":{"line":26,"column":10},"end":{"line":55,"column":11}},"17":{"start":{"line":27,"column":12},"end":{"line":27,"column":41}},"18":{"start":{"line":28,"column":12},"end":{"line":28,"column":47}},"19":{"start":{"line":29,"column":12},"end":{"line":29,"column":67}},"20":{"start":{"line":30,"column":12},"end":{"line":30,"column":39}},"21":{"start":{"line":31,"column":12},"end":{"line":31,"column":53}},"22":{"start":{"line":32,"column":12},"end":{"line":32,"column":63}},"23":{"start":{"line":33,"column":12},"end":{"line":33,"column":41}},"24":{"start":{"line":34,"column":12},"end":{"line":34,"column":41}},"25":{"start":{"line":35,"column":12},"end":{"line":35,"column":40}},"26":{"start":{"line":36,"column":12},"end":{"line":36,"column":48}},"27":{"start":{"line":37,"column":12},"end":{"line":37,"column":55}},"28":{"start":{"line":38,"column":12},"end":{"line":38,"column":49}},"29":{"start":{"line":39,"column":12},"end":{"line":39,"column":28}},"30":{"start":{"line":41,"column":12},"end":{"line":52,"column":14}},"31":{"start":{"line":42,"column":14},"end":{"line":51,"column":15}},"32":{"start":{"line":43,"column":16},"end":{"line":43,"column":66}},"33":{"start":{"line":45,"column":16},"end":{"line":50,"column":25}},"34":{"start":{"line":54,"column":12},"end":{"line":54,"column":52}},"35":{"start":{"line":62,"column":2},"end":{"line":142,"column":4}},"36":{"start":{"line":63,"column":4},"end":{"line":141,"column":5}},"37":{"start":{"line":64,"column":25},"end":{"line":64,"column":63}},"38":{"start":{"line":65,"column":22},"end":{"line":65,"column":53}},"39":{"start":{"line":66,"column":19},"end":{"line":66,"column":70}},"40":{"start":{"line":68,"column":6},"end":{"line":138,"column":8}},"41":{"start":{"line":69,"column":8},"end":{"line":137,"column":9}},"42":{"start":{"line":70,"column":10},"end":{"line":70,"column":54}},"43":{"start":{"line":72,"column":10},"end":{"line":136,"column":11}},"44":{"start":{"line":73,"column":12},"end":{"line":106,"column":13}},"45":{"start":{"line":76,"column":24},"end":{"line":80,"column":15}},"46":{"start":{"line":83,"column":14},"end":{"line":89,"column":15}},"47":{"start":{"line":84,"column":16},"end":{"line":84,"column":49}},"48":{"start":{"line":85,"column":16},"end":{"line":85,"column":69}},"49":{"start":{"line":86,"column":16},"end":{"line":86,"column":56}},"50":{"start":{"line":87,"column":16},"end":{"line":87,"column":59}},"51":{"start":{"line":88,"column":16},"end":{"line":88,"column":32}},"52":{"start":{"line":92,"column":14},"end":{"line":103,"column":17}},"53":{"start":{"line":93,"column":16},"end":{"line":102,"column":17}},"54":{"start":{"line":94,"column":18},"end":{"line":94,"column":63}},"55":{"start":{"line":96,"column":18},"end":{"line":101,"column":27}},"56":{"start":{"line":105,"column":14},"end":{"line":105,"column":64}},"57":{"start":{"line":109,"column":12},"end":{"line":135,"column":14}},"58":{"start":{"line":125,"column":14},"end":{"line":134,"column":15}},"59":{"start":{"line":126,"column":16},"end":{"line":126,"column":62}},"60":{"start":{"line":128,"column":16},"end":{"line":133,"column":25}},"61":{"start":{"line":140,"column":6},"end":{"line":140,"column":62}}},"fnMap":{"0":{"name":"(anonymous_0)","decl":{"start":{"line":5,"column":17},"end":{"line":5,"column":18}},"loc":{"start":{"line":5,"column":31},"end":{"line":143,"column":1}},"line":5},"1":{"name":"(anonymous_1)","decl":{"start":{"line":7,"column":29},"end":{"line":7,"column":30}},"loc":{"start":{"line":7,"column":49},"end":{"line":12,"column":3}},"line":7},"2":{"name":"(anonymous_2)","decl":{"start":{"line":16,"column":29},"end":{"line":16,"column":30}},"loc":{"start":{"line":16,"column":49},"end":{"line":59,"column":3}},"line":16},"3":{"name":"(anonymous_3)","decl":{"start":{"line":22,"column":47},"end":{"line":22,"column":48}},"loc":{"start":{"line":22,"column":65},"end":{"line":57,"column":7}},"line":22},"4":{"name":"(anonymous_4)","decl":{"start":{"line":41,"column":44},"end":{"line":41,"column":45}},"loc":{"start":{"line":41,"column":63},"end":{"line":52,"column":13}},"line":41},"5":{"name":"(anonymous_5)","decl":{"start":{"line":62,"column":29},"end":{"line":62,"column":30}},"loc":{"start":{"line":62,"column":49},"end":{"line":142,"column":3}},"line":62},"6":{"name":"(anonymous_6)","decl":{"start":{"line":68,"column":44},"end":{"line":68,"column":45}},"loc":{"start":{"line":68,"column":62},"end":{"line":138,"column":7}},"line":68},"7":{"name":"(anonymous_7)","decl":{"start":{"line":92,"column":67},"end":{"line":92,"column":68}},"loc":{"start":{"line":92,"column":86},"end":{"line":103,"column":15}},"line":92},"8":{"name":"(anonymous_8)","decl":{"start":{"line":124,"column":19},"end":{"line":124,"column":20}},"loc":{"start":{"line":124,"column":38},"end":{"line":135,"column":13}},"line":124}},"branchMap":{"0":{"loc":{"start":{"line":17,"column":4},"end":{"line":58,"column":5}},"type":"if","locations":[{"start":{"line":17,"column":4},"end":{"line":58,"column":5}},{"start":{},"end":{}}],"line":17},"1":{"loc":{"start":{"line":17,"column":8},"end":{"line":17,"column":39}},"type":"binary-expr","locations":[{"start":{"line":17,"column":8},"end":{"line":17,"column":19}},{"start":{"line":17,"column":23},"end":{"line":17,"column":39}}],"line":17},"2":{"loc":{"start":{"line":23,"column":8},"end":{"line":56,"column":9}},"type":"if","locations":[{"start":{"line":23,"column":8},"end":{"line":56,"column":9}},{"start":{"line":25,"column":15},"end":{"line":56,"column":9}}],"line":23},"3":{"loc":{"start":{"line":26,"column":10},"end":{"line":55,"column":11}},"type":"if","locations":[{"start":{"line":26,"column":10},"end":{"line":55,"column":11}},{"start":{"line":53,"column":17},"end":{"line":55,"column":11}}],"line":26},"4":{"loc":{"start":{"line":42,"column":14},"end":{"line":51,"column":15}},"type":"if","locations":[{"start":{"line":42,"column":14},"end":{"line":51,"column":15}},{"start":{"line":44,"column":21},"end":{"line":51,"column":15}}],"line":42},"5":{"loc":{"start":{"line":63,"column":4},"end":{"line":141,"column":5}},"type":"if","locations":[{"start":{"line":63,"column":4},"end":{"line":141,"column":5}},{"start":{"line":139,"column":11},"end":{"line":141,"column":5}}],"line":63},"6":{"loc":{"start":{"line":63,"column":8},"end":{"line":63,"column":39}},"type":"binary-expr","locations":[{"start":{"line":63,"column":8},"end":{"line":63,"column":19}},{"start":{"line":63,"column":23},"end":{"line":63,"column":39}}],"line":63},"7":{"loc":{"start":{"line":69,"column":8},"end":{"line":137,"column":9}},"type":"if","locations":[{"start":{"line":69,"column":8},"end":{"line":137,"column":9}},{"start":{"line":71,"column":15},"end":{"line":137,"column":9}}],"line":69},"8":{"loc":{"start":{"line":72,"column":10},"end":{"line":136,"column":11}},"type":"if","locations":[{"start":{"line":72,"column":10},"end":{"line":136,"column":11}},{"start":{"line":107,"column":17},"end":{"line":136,"column":11}}],"line":72},"9":{"loc":{"start":{"line":73,"column":12},"end":{"line":106,"column":13}},"type":"if","locations":[{"start":{"line":73,"column":12},"end":{"line":106,"column":13}},{"start":{"line":104,"column":19},"end":{"line":106,"column":13}}],"line":73},"10":{"loc":{"start":{"line":73,"column":16},"end":{"line":73,"column":108}},"type":"binary-expr","locations":[{"start":{"line":73,"column":16},"end":{"line":73,"column":40}},{"start":{"line":73,"column":44},"end":{"line":73,"column":108}}],"line":73},"11":{"loc":{"start":{"line":83,"column":14},"end":{"line":89,"column":15}},"type":"if","locations":[{"start":{"line":83,"column":14},"end":{"line":89,"column":15}},{"start":{},"end":{}}],"line":83},"12":{"loc":{"start":{"line":93,"column":16},"end":{"line":102,"column":17}},"type":"if","locations":[{"start":{"line":93,"column":16},"end":{"line":102,"column":17}},{"start":{"line":95,"column":23},"end":{"line":102,"column":17}}],"line":93},"13":{"loc":{"start":{"line":125,"column":14},"end":{"line":134,"column":15}},"type":"if","locations":[{"start":{"line":125,"column":14},"end":{"line":134,"column":15}},{"start":{"line":127,"column":21},"end":{"line":134,"column":15}}],"line":125}},"s":{"0":6,"1":6,"2":6,"3":6,"4":1,"5":1,"6":1,"7":1,"8":6,"9":1,"10":1,"11":1,"12":1,"13":1,"14":1,"15":0,"16":1,"17":1,"18":1,"19":1,"20":1,"21":1,"22":1,"23":1,"24":1,"25":1,"26":1,"27":1,"28":1,"29":1,"30":1,"31":1,"32":0,"33":1,"34":0,"35":6,"36":5,"37":4,"38":4,"39":4,"40":4,"41":4,"42":0,"43":4,"44":3,"45":2,"46":2,"47":1,"48":1,"49":1,"50":1,"51":1,"52":2,"53":2,"54":0,"55":2,"56":1,"57":1,"58":1,"59":0,"60":1,"61":1},"f":{"0":6,"1":1,"2":1,"3":1,"4":1,"5":5,"6":4,"7":2,"8":1},"b":{"0":[1,0],"1":[1,1],"2":[0,1],"3":[1,0],"4":[0,1],"5":[4,1],"6":[5,5],"7":[0,4],"8":[3,1],"9":[2,1],"10":[3,2],"11":[1,1],"12":[0,2],"13":[0,1]},"_coverageSchema":"1a1c01bbd47fc00a2c39e90264f33305004495a9","hash":"26e47c041392003bb3d3d744af89c45f161bfd66"}
}
